!SESSION 2019-11-06 12:24:10.591 -----------------------------------------------
eclipse.buildId=unknown
java.version=1.8.0_221
java.vendor=Oracle Corporation
BootLoader constants: OS=win32, ARCH=x86_64, WS=win32, NL=en_US

!ENTRY org.eclipse.osgi 4 0 2019-11-06 12:24:10.591
!MESSAGE The -clean (osgi.clean) option was not successful. Unable to clean the storage area: C:\WSO2\wso2am-2.6.0\repository\components\default\configuration\org.eclipse.osgi

!ENTRY org.apache.aries.proxy 4 0 2019-11-06 12:24:16.713
!MESSAGE FrameworkEvent ERROR
!STACK 0
java.lang.NoClassDefFoundError: org/objectweb/asm/commons/SerialVersionUIDAdder
	at java.lang.ClassLoader.defineClass1(Native Method)
	at java.lang.ClassLoader.defineClass(ClassLoader.java:763)
	at org.eclipse.osgi.internal.baseadaptor.DefaultClassLoader.defineClass(DefaultClassLoader.java:188)
	at org.eclipse.osgi.baseadaptor.loader.ClasspathManager.defineClassHoldingLock(ClasspathManager.java:638)
	at org.eclipse.osgi.baseadaptor.loader.ClasspathManager.defineClass(ClasspathManager.java:613)
	at org.eclipse.osgi.baseadaptor.loader.ClasspathManager.findClassImpl(ClasspathManager.java:574)
	at org.eclipse.osgi.baseadaptor.loader.ClasspathManager.findLocalClassImpl(ClasspathManager.java:492)
	at org.eclipse.osgi.baseadaptor.loader.ClasspathManager.findLocalClass(ClasspathManager.java:465)
	at org.eclipse.osgi.internal.baseadaptor.DefaultClassLoader.findLocalClass(DefaultClassLoader.java:216)
	at org.eclipse.osgi.internal.loader.BundleLoader.findLocalClass(BundleLoader.java:395)
	at org.eclipse.osgi.internal.loader.BundleLoader.findClassInternal(BundleLoader.java:464)
	at org.eclipse.osgi.internal.loader.BundleLoader.findClass(BundleLoader.java:421)
	at org.eclipse.osgi.internal.loader.BundleLoader.findClass(BundleLoader.java:412)
	at org.eclipse.osgi.internal.baseadaptor.DefaultClassLoader.loadClass(DefaultClassLoader.java:107)
	at java.lang.ClassLoader.loadClass(ClassLoader.java:357)
	at org.apache.aries.proxy.impl.weaving.ProxyWeavingHook.weave(ProxyWeavingHook.java:87)
	at org.eclipse.osgi.internal.baseadaptor.weaving.WovenClassImpl.call(WovenClassImpl.java:140)
	at org.eclipse.osgi.internal.serviceregistry.ServiceRegistry.notifyHookPrivileged(ServiceRegistry.java:1239)
	at org.eclipse.osgi.internal.serviceregistry.ServiceRegistry.notifyHooksPrivileged(ServiceRegistry.java:1222)
	at org.eclipse.osgi.internal.baseadaptor.weaving.WovenClassImpl.callHooks(WovenClassImpl.java:182)
	at org.eclipse.osgi.internal.baseadaptor.weaving.WeavingHookConfigurator.processClass(WeavingHookConfigurator.java:68)
	at org.eclipse.osgi.baseadaptor.loader.ClasspathManager.defineClass(ClasspathManager.java:606)
	at org.eclipse.osgi.baseadaptor.loader.ClasspathManager.findClassImpl(ClasspathManager.java:574)
	at org.eclipse.osgi.baseadaptor.loader.ClasspathManager.findLocalClassImpl(ClasspathManager.java:492)
	at org.eclipse.osgi.baseadaptor.loader.ClasspathManager.findLocalClass(ClasspathManager.java:465)
	at org.eclipse.osgi.internal.baseadaptor.DefaultClassLoader.findLocalClass(DefaultClassLoader.java:216)
	at org.eclipse.osgi.internal.loader.BundleLoader.findLocalClass(BundleLoader.java:395)
	at org.eclipse.osgi.internal.loader.BundleLoader.findClassInternal(BundleLoader.java:464)
	at org.eclipse.osgi.internal.loader.BundleLoader.findClass(BundleLoader.java:421)
	at org.eclipse.osgi.internal.loader.BundleLoader.findClass(BundleLoader.java:412)
	at org.eclipse.osgi.internal.baseadaptor.DefaultClassLoader.loadClass(DefaultClassLoader.java:107)
	at java.lang.ClassLoader.loadClass(ClassLoader.java:357)
	at org.apache.aries.blueprint.container.BlueprintExtender.getBlueprintPaths(BlueprintExtender.java:322)
	at org.apache.aries.blueprint.container.BlueprintExtender.createContainer(BlueprintExtender.java:232)
	at org.apache.aries.blueprint.container.BlueprintExtender.modifiedBundle(BlueprintExtender.java:222)
	at org.apache.aries.blueprint.container.BlueprintExtender.addingBundle(BlueprintExtender.java:188)
	at org.apache.aries.util.tracker.hook.BundleHookBundleTracker$Tracked.customizerAdding(BundleHookBundleTracker.java:487)
	at org.apache.aries.util.tracker.hook.BundleHookBundleTracker$Tracked.customizerAdding(BundleHookBundleTracker.java:433)
	at org.apache.aries.util.tracker.hook.BundleHookBundleTracker$AbstractTracked.trackAdding(BundleHookBundleTracker.java:749)
	at org.apache.aries.util.tracker.hook.BundleHookBundleTracker$AbstractTracked.trackInitial(BundleHookBundleTracker.java:674)
	at org.apache.aries.util.tracker.hook.BundleHookBundleTracker.open(BundleHookBundleTracker.java:159)
	at org.apache.aries.util.tracker.RecursiveBundleTracker.open(RecursiveBundleTracker.java:106)
	at org.apache.aries.blueprint.container.BlueprintExtender$2.serviceFound(BlueprintExtender.java:108)
	at org.apache.aries.util.tracker.SingleServiceTracker.update(SingleServiceTracker.java:157)
	at org.apache.aries.util.tracker.SingleServiceTracker.findMatchingReference(SingleServiceTracker.java:115)
	at org.apache.aries.util.tracker.SingleServiceTracker.access$200(SingleServiceTracker.java:32)
	at org.apache.aries.util.tracker.SingleServiceTracker$1.serviceChanged(SingleServiceTracker.java:61)
	at org.eclipse.osgi.internal.serviceregistry.FilteredServiceListener.serviceChanged(FilteredServiceListener.java:107)
	at org.eclipse.osgi.framework.internal.core.BundleContextImpl.dispatchEvent(BundleContextImpl.java:861)
	at org.eclipse.osgi.framework.eventmgr.EventManager.dispatchEvent(EventManager.java:230)
	at org.eclipse.osgi.framework.eventmgr.ListenerQueue.dispatchEventSynchronous(ListenerQueue.java:148)
	at org.eclipse.osgi.internal.serviceregistry.ServiceRegistry.publishServiceEventPrivileged(ServiceRegistry.java:819)
	at org.eclipse.osgi.internal.serviceregistry.ServiceRegistry.publishServiceEvent(ServiceRegistry.java:771)
	at org.eclipse.osgi.internal.serviceregistry.ServiceRegistrationImpl.register(ServiceRegistrationImpl.java:130)
	at org.eclipse.osgi.internal.serviceregistry.ServiceRegistry.registerService(ServiceRegistry.java:214)
	at org.eclipse.osgi.framework.internal.core.BundleContextImpl.registerService(BundleContextImpl.java:433)
	at org.eclipse.osgi.framework.internal.core.BundleContextImpl.registerService(BundleContextImpl.java:451)
	at org.apache.aries.proxy.impl.ProxyManagerActivator.start(ProxyManagerActivator.java:73)
	at org.eclipse.osgi.framework.internal.core.BundleContextImpl$1.run(BundleContextImpl.java:711)
	at java.security.AccessController.doPrivileged(Native Method)
	at org.eclipse.osgi.framework.internal.core.BundleContextImpl.startActivator(BundleContextImpl.java:702)
	at org.eclipse.osgi.framework.internal.core.BundleContextImpl.start(BundleContextImpl.java:683)
	at org.eclipse.osgi.framework.internal.core.BundleHost.startWorker(BundleHost.java:381)
	at org.eclipse.osgi.framework.internal.core.AbstractBundle.resume(AbstractBundle.java:390)
	at org.eclipse.osgi.framework.internal.core.Framework.resumeBundle(Framework.java:1176)
	at org.eclipse.osgi.framework.internal.core.StartLevelManager.resumeBundles(StartLevelManager.java:559)
	at org.eclipse.osgi.framework.internal.core.StartLevelManager.resumeBundles(StartLevelManager.java:544)
	at org.eclipse.osgi.framework.internal.core.StartLevelManager.incFWSL(StartLevelManager.java:457)
	at org.eclipse.osgi.framework.internal.core.StartLevelManager.doSetStartLevel(StartLevelManager.java:243)
	at org.eclipse.osgi.framework.internal.core.StartLevelManager.dispatchEvent(StartLevelManager.java:438)
	at org.eclipse.osgi.framework.internal.core.StartLevelManager.dispatchEvent(StartLevelManager.java:1)
	at org.eclipse.osgi.framework.eventmgr.EventManager.dispatchEvent(EventManager.java:230)
	at org.eclipse.osgi.framework.eventmgr.EventManager$EventThread.run(EventManager.java:340)
Caused by: java.lang.ClassNotFoundException: org.objectweb.asm.commons.SerialVersionUIDAdder cannot be found by org.apache.aries.proxy_1.0.1
	at org.eclipse.osgi.internal.loader.BundleLoader.findClassInternal(BundleLoader.java:501)
	at org.eclipse.osgi.internal.loader.BundleLoader.findClass(BundleLoader.java:421)
	at org.eclipse.osgi.internal.loader.BundleLoader.findClass(BundleLoader.java:412)
	at org.eclipse.osgi.internal.baseadaptor.DefaultClassLoader.loadClass(DefaultClassLoader.java:107)
	at java.lang.ClassLoader.loadClass(ClassLoader.java:357)
	... 73 more

!ENTRY org.eclipse.equinox.ds 4 0 2019-11-06 12:24:17.467
!MESSAGE Could not bind a reference of component loganalyzerAppender.component. The reference is: Reference[name = config.context.service, interface = org.wso2.carbon.utils.ConfigurationContextService, policy = dynamic, cardinality = 0..1, target = null, bind = setConfigurationContextService, unbind = unsetConfigurationContextService]

!ENTRY org.eclipse.equinox.ds 4 0 2019-11-06 12:24:17.468
!MESSAGE Could not bind a reference of component loganalyzerAppender.component. The reference is: Reference[name = config.context.service, interface = org.wso2.carbon.utils.ConfigurationContextService, policy = dynamic, cardinality = 0..1, target = null, bind = setConfigurationContextService, unbind = unsetConfigurationContextService]

!ENTRY org.eclipse.equinox.ds 4 0 2019-11-06 12:24:17.555
!MESSAGE Could not bind a reference of component org.wso2.carbon.caching.impl.internal.CachingServiceComponent. The reference is: Reference[name = distributedMapProvider, interface = org.wso2.carbon.caching.impl.DistributedMapProvider, policy = dynamic, cardinality = 0..1, target = null, bind = setDistributedMapProvider, unbind = unsetDistributedMapProvider]

!ENTRY org.eclipse.equinox.ds 4 0 2019-11-06 12:24:17.556
!MESSAGE Could not bind a reference of component org.wso2.carbon.caching.impl.internal.CachingServiceComponent. The reference is: Reference[name = distributedMapProvider, interface = org.wso2.carbon.caching.impl.DistributedMapProvider, policy = dynamic, cardinality = 0..1, target = null, bind = setDistributedMapProvider, unbind = unsetDistributedMapProvider]

!ENTRY org.eclipse.equinox.ds 4 0 2019-11-06 12:24:17.557
!MESSAGE Could not bind a reference of component org.wso2.carbon.caching.impl.internal.CachingServiceComponent. The reference is: Reference[name = config.context.service, interface = org.wso2.carbon.utils.ConfigurationContextService, policy = dynamic, cardinality = 0..1, target = null, bind = setClusteringAgent, unbind = unsetClusteringAgent]

!ENTRY org.eclipse.equinox.ds 4 0 2019-11-06 12:24:17.558
!MESSAGE Could not bind a reference of component org.wso2.carbon.caching.impl.internal.CachingServiceComponent. The reference is: Reference[name = config.context.service, interface = org.wso2.carbon.utils.ConfigurationContextService, policy = dynamic, cardinality = 0..1, target = null, bind = setClusteringAgent, unbind = unsetClusteringAgent]

!ENTRY org.wso2.carbon.captcha.mgt 2 0 2019-11-06 12:24:17.579
!MESSAGE [SCR] Found components with duplicated names! Details: 
Component1 : Component[
	name = org.wso2.carbon.captcha.mgt.internal.CaptchaMgtServiceComponent
	factory = null
	autoenable = true
	immediate = true
	implementation = org.wso2.carbon.captcha.mgt.internal.CaptchaMgtServiceComponent
	state = Unsatisfied
	properties = {service.pid=org.wso2.carbon.captcha.mgt.internal.CaptchaMgtServiceComponent}
	serviceFactory = false
	serviceInterface = null
	references = {
		Reference[name = registry.service, interface = org.wso2.carbon.registry.core.service.RegistryService, policy = dynamic, cardinality = 1..1, target = null, bind = setRegistryService, unbind = unsetRegistryService]
		Reference[name = configuration.context.service, interface = org.wso2.carbon.utils.ConfigurationContextService, policy = dynamic, cardinality = 1..1, target = null, bind = setConfigurationContextService, unbind = unsetConfigurationContextService]
	}
	located in bundle = org.wso2.carbon.captcha.mgt_4.5.2 [272]
]
Component2: Component[
	name = org.wso2.carbon.captcha.mgt.internal.CaptchaMgtServiceComponent
	factory = null
	autoenable = true
	immediate = true
	implementation = org.wso2.carbon.captcha.mgt.internal.CaptchaMgtServiceComponent
	state = Unsatisfied
	properties = {service.pid=org.wso2.carbon.captcha.mgt.internal.CaptchaMgtServiceComponent}
	serviceFactory = false
	serviceInterface = null
	references = {
		Reference[name = registry.service, interface = org.wso2.carbon.registry.core.service.RegistryService, policy = dynamic, cardinality = 1..1, target = null, bind = setRegistryService, unbind = unsetRegistryService]
		Reference[name = configuration.context.service, interface = org.wso2.carbon.utils.ConfigurationContextService, policy = dynamic, cardinality = 1..1, target = null, bind = setConfigurationContextService, unbind = unsetConfigurationContextService]
	}
	located in bundle = org.wso2.carbon.captcha.mgt_4.2.0 [271]
]  

!ENTRY org.eclipse.equinox.ds 4 0 2019-11-06 12:24:17.901
!MESSAGE Could not bind a reference of component org.wso2.carbon.crypto.impl. The reference is: Reference[name = keyResolver, interface = org.wso2.carbon.crypto.api.KeyResolver, policy = dynamic, cardinality = 0..n, target = null, bind = setKeyResolver, unbind = unsetKeyResolver]

!ENTRY org.eclipse.equinox.ds 4 0 2019-11-06 12:24:17.912
!MESSAGE Could not bind a reference of component org.wso2.carbon.crypto.impl. The reference is: Reference[name = keyResolver, interface = org.wso2.carbon.crypto.api.KeyResolver, policy = dynamic, cardinality = 0..n, target = null, bind = setKeyResolver, unbind = unsetKeyResolver]

!ENTRY org.eclipse.equinox.ds 4 0 2019-11-06 12:24:17.913
!MESSAGE Could not bind a reference of component org.wso2.carbon.crypto.impl. The reference is: Reference[name = internalCryptoProvider, interface = org.wso2.carbon.crypto.api.InternalCryptoProvider, policy = dynamic, cardinality = 0..n, target = null, bind = setInternalCryptoProvider, unbind = unsetInternalCryptoProvider]

!ENTRY org.eclipse.equinox.ds 4 0 2019-11-06 12:24:17.919
!MESSAGE Could not bind a reference of component org.wso2.carbon.crypto.impl. The reference is: Reference[name = internalCryptoProvider, interface = org.wso2.carbon.crypto.api.InternalCryptoProvider, policy = dynamic, cardinality = 0..n, target = null, bind = setInternalCryptoProvider, unbind = unsetInternalCryptoProvider]

!ENTRY org.eclipse.equinox.ds 4 0 2019-11-06 12:24:17.923
!MESSAGE Could not bind a reference of component org.wso2.carbon.crypto.impl. The reference is: Reference[name = externalCryptoProvider, interface = org.wso2.carbon.crypto.api.ExternalCryptoProvider, policy = dynamic, cardinality = 0..n, target = null, bind = setExternalCryptoProvider, unbind = unsetExternalCryptoProvider]

!ENTRY org.eclipse.equinox.ds 4 0 2019-11-06 12:24:17.924
!MESSAGE Could not bind a reference of component org.wso2.carbon.crypto.impl. The reference is: Reference[name = externalCryptoProvider, interface = org.wso2.carbon.crypto.api.ExternalCryptoProvider, policy = dynamic, cardinality = 0..n, target = null, bind = setExternalCryptoProvider, unbind = unsetExternalCryptoProvider]

!ENTRY org.wso2.carbon.database.utils 4 0 2019-11-06 12:24:17.961
!MESSAGE [SCR] Found components with duplicated names inside their bundle! This component will not be processed: Component[
	name = org.wso2.carbon.database.utils.internal.DatabaseUtilsComponent
	factory = null
	autoenable = true
	immediate = true
	implementation = org.wso2.carbon.database.utils.jdbc.internal.DatabaseUtilComponent
	state = Unsatisfied
	properties = 
	serviceFactory = false
	serviceInterface = null
	references = null
	located in bundle = org.wso2.carbon.database.utils_2.0.6 [289]
] 

!ENTRY org.wso2.carbon.database.utils 4 0 2019-11-06 12:24:17.963
!MESSAGE [SCR] Found components with duplicated names inside their bundle! This component will not be processed: Component[
	name = org.wso2.carbon.database.utils.internal.DatabaseUtilsComponent
	factory = null
	autoenable = true
	immediate = true
	implementation = org.wso2.carbon.database.utils.jdbc.internal.DatabaseUtilComponent
	state = Unsatisfied
	properties = 
	serviceFactory = false
	serviceInterface = null
	references = null
	located in bundle = org.wso2.carbon.database.utils_2.0.6 [289]
] 

!ENTRY org.eclipse.equinox.ds 4 0 2019-11-06 12:24:17.996
!MESSAGE Could not bind a reference of component org.wso2.carbon.deployment.synchronizer.subversion. The reference is: Reference[name = carbon.tomcat.service, interface = org.wso2.carbon.tomcat.api.CarbonTomcatService, policy = dynamic, cardinality = 0..1, target = null, bind = setCarbonTomcatService, unbind = unsetCarbonTomcatService]

!ENTRY org.eclipse.equinox.ds 4 0 2019-11-06 12:24:17.997
!MESSAGE Could not bind a reference of component org.wso2.carbon.deployment.synchronizer.subversion. The reference is: Reference[name = carbon.tomcat.service, interface = org.wso2.carbon.tomcat.api.CarbonTomcatService, policy = dynamic, cardinality = 0..1, target = null, bind = setCarbonTomcatService, unbind = unsetCarbonTomcatService]

!ENTRY org.wso2.carbon.event.core 2 0 2019-11-06 12:24:18.078
!MESSAGE [SCR] Found components with duplicated names! Details: 
Component1 : Component[
	name = eventbrokerbuilder.component
	factory = null
	autoenable = true
	immediate = true
	implementation = org.wso2.carbon.event.core.internal.builder.EventBrokerBuilderDS
	state = Unsatisfied
	properties = {service.pid=eventbrokerbuilder.component}
	serviceFactory = false
	serviceInterface = null
	references = {
		Reference[name = registry.service, interface = org.wso2.carbon.registry.core.service.RegistryService, policy = dynamic, cardinality = 1..1, target = null, bind = setRegistryService, unbind = unsetRegistryService]
		Reference[name = realm.service, interface = org.wso2.carbon.user.core.service.RealmService, policy = dynamic, cardinality = 1..1, target = null, bind = setRealmService, unbind = unsetRealmService]
		Reference[name = configurationcontext.service, interface = org.wso2.carbon.utils.ConfigurationContextService, policy = dynamic, cardinality = 1..1, target = null, bind = setConfigurationContextService, unbind = unsetConfigurationContextService]
	}
	located in bundle = org.wso2.carbon.event.core_4.6.49 [315]
]
Component2: Component[
	name = eventbrokerbuilder.component
	factory = null
	autoenable = true
	immediate = true
	implementation = org.wso2.carbon.andes.event.core.internal.ds.EventBrokerBuilderDS
	state = Unsatisfied
	properties = {service.pid=eventbrokerbuilder.component}
	serviceFactory = false
	serviceInterface = null
	references = {
		Reference[name = registry.service, interface = org.wso2.carbon.registry.core.service.RegistryService, policy = dynamic, cardinality = 1..1, target = null, bind = setRegistryService, unbind = unsetRegistryService]
		Reference[name = realm.service, interface = org.wso2.carbon.user.core.service.RealmService, policy = dynamic, cardinality = 1..1, target = null, bind = setRealmService, unbind = unsetRealmService]
		Reference[name = configurationcontext.service, interface = org.wso2.carbon.utils.ConfigurationContextService, policy = dynamic, cardinality = 1..1, target = null, bind = setConfigurationContextService, unbind = unsetConfigurationContextService]
	}
	located in bundle = org.wso2.carbon.andes.event.core_3.2.44 [239]
]  

!ENTRY org.eclipse.equinox.ds 4 0 2019-11-06 12:24:18.092
!MESSAGE Could not bind a reference of component event.input.adapter.service. The reference is: Reference[name = input.event.adapter.tracker.service, interface = org.wso2.carbon.event.input.adapter.core.InputEventAdapterFactory, policy = dynamic, cardinality = 0..n, target = null, bind = setEventAdapterType, unbind = unSetEventAdapterType]

!ENTRY org.eclipse.equinox.ds 4 0 2019-11-06 12:24:18.093
!MESSAGE Could not bind a reference of component event.input.adapter.service. The reference is: Reference[name = input.event.adapter.tracker.service, interface = org.wso2.carbon.event.input.adapter.core.InputEventAdapterFactory, policy = dynamic, cardinality = 0..n, target = null, bind = setEventAdapterType, unbind = unSetEventAdapterType]

!ENTRY org.eclipse.equinox.ds 4 0 2019-11-06 12:24:18.096
!MESSAGE Could not bind a reference of component event.input.adapter.service. The reference is: Reference[name = config.context.service, interface = org.wso2.carbon.utils.ConfigurationContextService, policy = dynamic, cardinality = 0..1, target = null, bind = setConfigurationContextService, unbind = unsetConfigurationContextService]

!ENTRY org.eclipse.equinox.ds 4 0 2019-11-06 12:24:18.096
!MESSAGE Could not bind a reference of component event.input.adapter.service. The reference is: Reference[name = config.context.service, interface = org.wso2.carbon.utils.ConfigurationContextService, policy = dynamic, cardinality = 0..1, target = null, bind = setConfigurationContextService, unbind = unsetConfigurationContextService]

!ENTRY org.eclipse.equinox.ds 4 0 2019-11-06 12:24:18.220
!MESSAGE Could not bind a reference of component input.Kafka.EventAdaptorService.component. The reference is: Reference[name = configurationcontext.service, interface = org.wso2.carbon.utils.ConfigurationContextService, policy = dynamic, cardinality = 0..1, target = null, bind = setConfigurationContextService, unbind = unsetConfigurationContextService]

!ENTRY org.eclipse.equinox.ds 4 0 2019-11-06 12:24:18.224
!MESSAGE Could not bind a reference of component input.Kafka.EventAdaptorService.component. The reference is: Reference[name = configurationcontext.service, interface = org.wso2.carbon.utils.ConfigurationContextService, policy = dynamic, cardinality = 0..1, target = null, bind = setConfigurationContextService, unbind = unsetConfigurationContextService]

!ENTRY org.eclipse.equinox.ds 4 0 2019-11-06 12:24:18.366
!MESSAGE Could not bind a reference of component eventProcessorManagementService.component. The reference is: Reference[name = hazelcast.instance.service, interface = com.hazelcast.core.HazelcastInstance, policy = dynamic, cardinality = 0..1, target = null, bind = setHazelcastInstance, unbind = unsetHazelcastInstance]
