TID: [-1] [] [2019-11-25 03:37:57,490]  INFO {org.wso2.andes.wso2.internal.QpidBundleActivator} -  Setting BundleContext in PluginManager {org.wso2.andes.wso2.internal.QpidBundleActivator}
TID: [-1234] [] [2019-11-25 03:38:01,346]  INFO {org.wso2.carbon.core.internal.CarbonCoreActivator} -  Starting WSO2 Carbon... {org.wso2.carbon.core.internal.CarbonCoreActivator}
TID: [-1234] [] [2019-11-25 03:38:01,348]  INFO {org.wso2.carbon.core.internal.CarbonCoreActivator} -  Operating System : Windows Server 2016 10.0, amd64 {org.wso2.carbon.core.internal.CarbonCoreActivator}
TID: [-1234] [] [2019-11-25 03:38:01,348]  INFO {org.wso2.carbon.core.internal.CarbonCoreActivator} -  Java Home        : C:\Java\jdk1.8.0_221\jre {org.wso2.carbon.core.internal.CarbonCoreActivator}
TID: [-1234] [] [2019-11-25 03:38:01,349]  INFO {org.wso2.carbon.core.internal.CarbonCoreActivator} -  Java Version     : 1.8.0_221 {org.wso2.carbon.core.internal.CarbonCoreActivator}
TID: [-1234] [] [2019-11-25 03:38:01,349]  INFO {org.wso2.carbon.core.internal.CarbonCoreActivator} -  Java VM          : Java HotSpot(TM) 64-Bit Server VM 25.221-b11,Oracle Corporation {org.wso2.carbon.core.internal.CarbonCoreActivator}
TID: [-1234] [] [2019-11-25 03:38:01,349]  INFO {org.wso2.carbon.core.internal.CarbonCoreActivator} -  Carbon Home      : C:\WSO2\wso2am-2.6.0\bin\.. {org.wso2.carbon.core.internal.CarbonCoreActivator}
TID: [-1234] [] [2019-11-25 03:38:01,349]  INFO {org.wso2.carbon.core.internal.CarbonCoreActivator} -  Java Temp Dir    : C:\WSO2\wso2am-2.6.0\bin\..\tmp {org.wso2.carbon.core.internal.CarbonCoreActivator}
TID: [-1234] [] [2019-11-25 03:38:01,350]  INFO {org.wso2.carbon.core.internal.CarbonCoreActivator} -  User             : api_admin, en-US, UTC {org.wso2.carbon.core.internal.CarbonCoreActivator}
TID: [-1] [] [2019-11-25 03:38:02,633]  INFO {org.wso2.carbon.crypto.provider.internal.DefaultCryptoProviderComponent} -  'CryptoService.Secret' property has not been set. 'org.wso2.carbon.crypto.provider.SymmetricKeyInternalCryptoProvider' won't be registered as an internal crypto provider. Please set the secret if the provider needs to be registered. {org.wso2.carbon.crypto.provider.internal.DefaultCryptoProviderComponent}
TID: [-1] [] [2019-11-25 03:38:03,773]  INFO {org.wso2.carbon.event.output.adapter.kafka.internal.ds.KafkaEventAdapterServiceDS} -  Successfully deployed the Kafka output event adaptor service {org.wso2.carbon.event.output.adapter.kafka.internal.ds.KafkaEventAdapterServiceDS}
TID: [-1] [] [2019-11-25 03:38:04,271]  INFO {org.wso2.carbon.event.template.manager.core.internal.ds.TemplateDeployerServiceTrackerDS} -  Successfully deployed the execution manager tracker service {org.wso2.carbon.event.template.manager.core.internal.ds.TemplateDeployerServiceTrackerDS}
TID: [-1234] [] [2019-11-25 03:38:12,528]  INFO {org.wso2.carbon.consent.mgt.core.internal.ConsentManagerComponent} -  ConsentManagerComponent is activated. {org.wso2.carbon.consent.mgt.core.internal.ConsentManagerComponent}
TID: [-1234] [] [2019-11-25 03:38:13,169]  INFO {org.wso2.carbon.databridge.receiver.binary.internal.BinaryDataReceiver} -  Started Binary SSL Transport on port : 9711 {org.wso2.carbon.databridge.receiver.binary.internal.BinaryDataReceiver}
TID: [-1234] [] [2019-11-25 03:38:13,169]  INFO {org.wso2.carbon.databridge.receiver.binary.internal.BinaryDataReceiver} -  Started Binary TCP Transport on port : 9611 {org.wso2.carbon.databridge.receiver.binary.internal.BinaryDataReceiver}
TID: [-1234] [] [2019-11-25 03:38:13,169]  INFO {org.wso2.carbon.databridge.core.internal.DataBridgeDS} -  Successfully deployed Agent Server  {org.wso2.carbon.databridge.core.internal.DataBridgeDS}
TID: [-1234] [] [2019-11-25 03:38:13,606]  INFO {org.wso2.carbon.registry.core.jdbc.EmbeddedRegistryService} -  Configured Registry in 66ms {org.wso2.carbon.registry.core.jdbc.EmbeddedRegistryService}
TID: [-1234] [] [2019-11-25 03:38:13,715]  INFO {org.wso2.carbon.registry.core.internal.RegistryCoreServiceComponent} -  Registry Mode    : READ-WRITE {org.wso2.carbon.registry.core.internal.RegistryCoreServiceComponent}
TID: [-1234] [] [2019-11-25 03:38:13,762]  INFO {org.wso2.andes.configuration.AndesConfigurationManager} -  Main andes configuration located at : C:\WSO2\wso2am-2.6.0\bin\..\repository\conf\broker.xml {org.wso2.andes.configuration.AndesConfigurationManager}
TID: [-1234] [] [2019-11-25 03:38:14,153]  INFO {org.wso2.andes.configuration.AndesConfigurationManager} -  Main andes configuration located at : C:\WSO2\wso2am-2.6.0\bin\..\repository\conf\broker.xml {org.wso2.andes.configuration.AndesConfigurationManager}
TID: [-1234] [] [2019-11-25 03:38:45,613]  INFO {org.wso2.carbon.metrics.impl.util.JmxReporterBuilder} -  Creating JMX reporter for Metrics with domain 'org.wso2.carbon.metrics' {org.wso2.carbon.metrics.impl.util.JmxReporterBuilder}
TID: [-1234] [] [2019-11-25 03:38:45,629]  INFO {org.wso2.carbon.metrics.impl.reporter.AbstractReporter} -  Started JMX reporter for Metrics {org.wso2.carbon.metrics.impl.reporter.AbstractReporter}
TID: [-1234] [] [2019-11-25 03:38:51,289]  INFO {org.wso2.carbon.registry.indexing.solr.SolrClient} -  Default Embedded Solr Server Initialized {org.wso2.carbon.registry.indexing.solr.SolrClient}
TID: [-1234] [] [2019-11-25 03:38:52,039]  INFO {org.wso2.carbon.user.core.internal.UserStoreMgtDSComponent} -  Carbon UserStoreMgtDSComponent activated successfully. {org.wso2.carbon.user.core.internal.UserStoreMgtDSComponent}
TID: [-1234] [] [2019-11-25 03:38:54,367]  INFO {org.apache.axis2.deployment.ClusterBuilder} -  Clustering has been disabled {org.apache.axis2.deployment.ClusterBuilder}
TID: [-1234] [] [2019-11-25 03:38:54,996]  INFO {org.wso2.carbon.identity.user.store.configuration.deployer.UserStoreConfigurationDeployer} -  User Store Configuration Deployer initiated. {org.wso2.carbon.identity.user.store.configuration.deployer.UserStoreConfigurationDeployer}
TID: [-1234] [] [2019-11-25 03:38:54,997]  INFO {org.wso2.carbon.identity.user.store.configuration.deployer.UserStoreConfigurationDeployer} -  User Store Configuration Deployer initiated. {org.wso2.carbon.identity.user.store.configuration.deployer.UserStoreConfigurationDeployer}
TID: [-1234] [] [2019-11-25 03:38:56,710]  INFO {org.wso2.carbon.websocket.transport.WebsocketTransportSender} -  WSS Sender started {org.wso2.carbon.websocket.transport.WebsocketTransportSender}
TID: [-1234] [] [2019-11-25 03:38:56,787]  INFO {org.apache.synapse.transport.passthru.PassThroughHttpSender} -  Initializing Pass-through HTTP/S Sender... {org.apache.synapse.transport.passthru.PassThroughHttpSender}
TID: [-1234] [] [2019-11-25 03:38:57,094]  INFO {org.apache.synapse.transport.passthru.PassThroughHttpSender} -  Pass-through HTTP Sender started... {org.apache.synapse.transport.passthru.PassThroughHttpSender}
TID: [-1234] [] [2019-11-25 03:38:57,095]  INFO {org.apache.synapse.transport.passthru.PassThroughHttpSSLSender} -  Initializing Pass-through HTTP/S Sender... {org.apache.synapse.transport.passthru.PassThroughHttpSSLSender}
TID: [-1234] [] [2019-11-25 03:38:57,116]  INFO {org.apache.synapse.transport.nhttp.config.ClientConnFactoryBuilder} -  customSSLProfiles configuration is loaded from path: C:\WSO2\wso2am-2.6.0\repository/resources/security/sslprofiles.xml {org.apache.synapse.transport.nhttp.config.ClientConnFactoryBuilder}
TID: [-1234] [] [2019-11-25 03:38:57,116]  INFO {org.apache.synapse.transport.nhttp.config.ClientConnFactoryBuilder} -  HTTPS Loading custom SSL profiles for the HTTPS sender {org.apache.synapse.transport.nhttp.config.ClientConnFactoryBuilder}
TID: [-1234] [] [2019-11-25 03:38:57,126]  INFO {org.apache.synapse.transport.nhttp.config.ClientConnFactoryBuilder} -  HTTPS Custom SSL profiles initialized for 1 servers {org.apache.synapse.transport.nhttp.config.ClientConnFactoryBuilder}
TID: [-1234] [] [2019-11-25 03:38:57,128]  INFO {org.apache.synapse.transport.passthru.PassThroughHttpSSLSender} -  Pass-through HTTPS Sender started... {org.apache.synapse.transport.passthru.PassThroughHttpSSLSender}
TID: [-1234] [] [2019-11-25 03:38:57,132]  INFO {org.wso2.carbon.websocket.transport.WebsocketTransportSender} -  WS Sender started {org.wso2.carbon.websocket.transport.WebsocketTransportSender}
TID: [-1234] [] [2019-11-25 03:38:57,156]  INFO {org.apache.synapse.transport.passthru.PassThroughHttpListener} -  Initializing Pass-through HTTP/S Listener... {org.apache.synapse.transport.passthru.PassThroughHttpListener}
TID: [-1234] [] [2019-11-25 03:38:57,227]  INFO {org.apache.synapse.transport.passthru.PassThroughHttpSSLListener} -  Initializing Pass-through HTTP/S Listener... {org.apache.synapse.transport.passthru.PassThroughHttpSSLListener}
TID: [-1234] [] [2019-11-25 03:38:57,544]  INFO {org.apache.axis2.deployment.ModuleDeployer} -  Deploying module: addressing-1.6.1-wso2v28 - file:/C:/WSO2/wso2am-2.6.0/bin/../repository/deployment/client/modules/addressing-1.6.1-wso2v28.mar {org.apache.axis2.deployment.ModuleDeployer}
TID: [-1234] [] [2019-11-25 03:38:58,103]  INFO {org.apache.axis2.deployment.DeploymentEngine} -  Deploying Web service: org.wso2.carbon.andes.admin-3.2.44 -  {org.apache.axis2.deployment.DeploymentEngine}
TID: [-1234] [] [2019-11-25 03:38:58,136]  INFO {org.apache.axis2.deployment.DeploymentEngine} -  Deploying Web service: org.wso2.carbon.andes.admin.mqtt-3.2.44 -  {org.apache.axis2.deployment.DeploymentEngine}
TID: [-1234] [] [2019-11-25 03:38:58,201]  INFO {org.apache.axis2.deployment.DeploymentEngine} -  Deploying Web service: org.wso2.carbon.andes.event.admin-3.2.44 -  {org.apache.axis2.deployment.DeploymentEngine}
TID: [-1234] [] [2019-11-25 03:38:59,333]  INFO {org.apache.axis2.deployment.DeploymentEngine} -  Deploying Web service: org.wso2.carbon.identity.application.authentication.framework-5.12.153 -  {org.apache.axis2.deployment.DeploymentEngine}
TID: [-1234] [] [2019-11-25 03:38:59,574]  INFO {org.apache.axis2.deployment.DeploymentEngine} -  Deploying Web service: org.wso2.carbon.identity.discovery-6.0.53 -  {org.apache.axis2.deployment.DeploymentEngine}
TID: [-1234] [] [2019-11-25 03:38:59,743]  INFO {org.wso2.carbon.core.deployment.DeploymentInterceptor} -  Deploying Axis2 service: AccountCredentialMgtConfigService {super-tenant} {org.wso2.carbon.core.deployment.DeploymentInterceptor}
TID: [-1234] [] [2019-11-25 03:38:59,746]  INFO {org.wso2.carbon.core.deployment.DeploymentInterceptor} -  Deploying Axis2 service: UserIdentityManagementAdminService {super-tenant} {org.wso2.carbon.core.deployment.DeploymentInterceptor}
TID: [-1234] [] [2019-11-25 03:38:59,747]  INFO {org.wso2.carbon.core.deployment.DeploymentInterceptor} -  Deploying Axis2 service: UserInformationRecoveryService {super-tenant} {org.wso2.carbon.core.deployment.DeploymentInterceptor}
TID: [-1234] [] [2019-11-25 03:38:59,748]  INFO {org.apache.axis2.deployment.DeploymentEngine} -  Deploying Web service: org.wso2.carbon.identity.mgt-5.12.153 -  {org.apache.axis2.deployment.DeploymentEngine}
TID: [-1234] [] [2019-11-25 03:39:00,127]  INFO {org.apache.axis2.deployment.DeploymentEngine} -  Deploying Web service: org.wso2.carbon.identity.webfinger-6.0.53 -  {org.apache.axis2.deployment.DeploymentEngine}
TID: [-1234] [] [2019-11-25 03:39:00,428]  INFO {org.apache.axis2.deployment.DeploymentEngine} -  Deploying Web service: org.wso2.carbon.message.processor-4.6.105 -  {org.apache.axis2.deployment.DeploymentEngine}
TID: [-1234] [] [2019-11-25 03:39:00,441]  INFO {org.apache.axis2.deployment.DeploymentEngine} -  Deploying Web service: org.wso2.carbon.message.store-4.6.105 -  {org.apache.axis2.deployment.DeploymentEngine}
TID: [-1234] [] [2019-11-25 03:39:00,946]  INFO {org.apache.axis2.deployment.DeploymentEngine} -  Deploying Web service: org.wso2.carbon.registry.ws.api-4.6.38 -  {org.apache.axis2.deployment.DeploymentEngine}
TID: [-1234] [] [2019-11-25 03:39:02,761]  INFO {org.wso2.carbon.core.init.CarbonServerManager} -  Repository       : C:\WSO2\wso2am-2.6.0\bin\../repository/deployment/server/ {org.wso2.carbon.core.init.CarbonServerManager}
TID: [-1] [] [2019-11-25 03:39:02,765]  INFO {org.wso2.carbon.event.input.adapter.kafka.internal.ds.KafkaEventAdapterServiceHolder} -  Kafka input event adaptor waiting for dependent configurations to load {org.wso2.carbon.event.input.adapter.kafka.internal.ds.KafkaEventAdapterServiceHolder}
TID: [-1234] [] [2019-11-25 03:39:02,820]  INFO {org.wso2.carbon.andes.core.internal.ds.QueueManagerServiceDS} -  Successfully created the queue manager service {org.wso2.carbon.andes.core.internal.ds.QueueManagerServiceDS}
TID: [-1234] [] [2019-11-25 03:39:02,834]  INFO {org.wso2.carbon.andes.core.internal.ds.SubscriptionManagerServiceDS} -  Successfully created the subscription manager service {org.wso2.carbon.andes.core.internal.ds.SubscriptionManagerServiceDS}
TID: [-1234] [] [2019-11-25 03:39:03,321]  INFO {org.apache.axis2.deployment.ModuleDeployer} -  Deploying module: addressing-1.6.1-wso2v28 - file:/C:/WSO2/wso2am-2.6.0/bin/../repository/deployment/client/modules/addressing-1.6.1-wso2v28.mar {org.apache.axis2.deployment.ModuleDeployer}
TID: [-1234] [] [2019-11-25 03:39:03,612]  INFO {org.apache.axis2.deployment.ModuleDeployer} -  Deploying module: addressing-1.6.1-wso2v28 - file:/C:/WSO2/wso2am-2.6.0/bin/../repository/deployment/client/modules/addressing-1.6.1-wso2v28.mar {org.apache.axis2.deployment.ModuleDeployer}
TID: [-1234] [] [2019-11-25 03:39:04,473]  INFO {org.wso2.carbon.core.multitenancy.eager.TenantLoadingConfig} -  Using tenant lazy loading policy... {org.wso2.carbon.core.multitenancy.eager.TenantLoadingConfig}
TID: [-1234] [] [2019-11-25 03:39:04,493]  INFO {org.wso2.carbon.core.internal.permission.update.PermissionUpdater} -  Permission cache updated for tenant -1234 {org.wso2.carbon.core.internal.permission.update.PermissionUpdater}
TID: [-1234] [] [2019-11-25 03:39:05,437]  WARN {org.wso2.carbon.identity.application.mgt.internal.ApplicationManagementServiceComponent} -  Templates directory not found at C:\WSO2\wso2am-2.6.0\bin\..\repository\resources\identity\authntemplates {org.wso2.carbon.identity.application.mgt.internal.ApplicationManagementServiceComponent}
TID: [-1234] [] [2019-11-25 03:39:05,562]  INFO {org.wso2.carbon.apimgt.keymgt.handlers.DefaultKeyValidationHandler} -  org.wso2.carbon.apimgt.keymgt.handlers.DefaultKeyValidationHandler Initialised {org.wso2.carbon.apimgt.keymgt.handlers.DefaultKeyValidationHandler}
TID: [-1234] [] [2019-11-25 03:39:05,563]  INFO {org.wso2.carbon.apimgt.keymgt.service.APIKeyValidationService} -  Initialised KeyValidationHandler instance successfully {org.wso2.carbon.apimgt.keymgt.service.APIKeyValidationService}
TID: [-1234] [] [2019-11-25 03:39:05,597]  INFO {org.wso2.carbon.apimgt.keymgt.internal.APIKeyMgtServiceComponent} -  Started thrift key mgt service at port:10397 {org.wso2.carbon.apimgt.keymgt.internal.APIKeyMgtServiceComponent}
TID: [-1234] [] [2019-11-25 03:39:05,785]  INFO {org.wso2.carbon.user.core.internal.UserStoreMgtDSComponent} -  Claim manager set for class org.wso2.carbon.user.core.common.DefaultRealm {org.wso2.carbon.user.core.internal.UserStoreMgtDSComponent}
TID: [-1234] [] [2019-11-25 03:39:05,792]  INFO {org.wso2.carbon.user.core.internal.UserStoreMgtDSComponent} -  Claim manager set for class org.wso2.carbon.user.core.jdbc.JDBCUserStoreManager {org.wso2.carbon.user.core.internal.UserStoreMgtDSComponent}
TID: [-1234] [] [2019-11-25 03:39:05,939]  INFO {org.wso2.carbon.identity.application.authentication.framework.store.SessionDataStore} -  Thread pool size for temporary authentication context data delete task: 20 {org.wso2.carbon.identity.application.authentication.framework.store.SessionDataStore}
TID: [-1234] [] [2019-11-25 03:39:06,775]  INFO {org.wso2.carbon.identity.oauth2.internal.OAuth2ServiceComponent} -  PKCE Support enabled. {org.wso2.carbon.identity.oauth2.internal.OAuth2ServiceComponent}
TID: [-1234] [] [2019-11-25 03:39:07,356]  INFO {org.wso2.carbon.mediation.initializer.ServiceBusInitializer} -  Starting ESB... {org.wso2.carbon.mediation.initializer.ServiceBusInitializer}
TID: [-1234] [] [2019-11-25 03:39:07,356]  INFO {org.wso2.carbon.mediation.initializer.ServiceBusInitializer} -  Initializing Apache Synapse... {org.wso2.carbon.mediation.initializer.ServiceBusInitializer}
TID: [-1234] [] [2019-11-25 03:39:07,372]  INFO {org.apache.synapse.SynapseControllerFactory} -  Using Synapse home : C:\WSO2\wso2am-2.6.0\. {org.apache.synapse.SynapseControllerFactory}
TID: [-1234] [] [2019-11-25 03:39:07,372]  INFO {org.apache.synapse.SynapseControllerFactory} -  Using synapse.xml location : C:\WSO2\wso2am-2.6.0\.\.\repository\deployment\server\synapse-configs\default {org.apache.synapse.SynapseControllerFactory}
TID: [-1234] [] [2019-11-25 03:39:07,372]  INFO {org.apache.synapse.SynapseControllerFactory} -  Using server name : apies.northeurope.cloudapp.azure.com {org.apache.synapse.SynapseControllerFactory}
TID: [-1234] [] [2019-11-25 03:39:07,372]  INFO {org.apache.synapse.SynapseControllerFactory} -  The timeout handler will run every : 15s {org.apache.synapse.SynapseControllerFactory}
TID: [-1234] [] [2019-11-25 03:39:07,372]  INFO {org.apache.synapse.Axis2SynapseController} -  Initializing Synapse at : Mon Nov 25 03:39:07 UTC 2019 {org.apache.synapse.Axis2SynapseController}
TID: [-1234] [] [2019-11-25 03:39:07,403]  INFO {org.wso2.carbon.mediation.initializer.CarbonSynapseController} -  Loading the mediation configuration from the file system {org.wso2.carbon.mediation.initializer.CarbonSynapseController}
TID: [-1234] [] [2019-11-25 03:39:07,403]  INFO {org.apache.synapse.config.xml.MultiXMLConfigurationBuilder} -  Building synapse configuration from the synapse artifact repository at : .\.\repository/deployment/server/synapse-configs\default {org.apache.synapse.config.xml.MultiXMLConfigurationBuilder}
TID: [-1234] [] [2019-11-25 03:39:07,455]  INFO {org.apache.synapse.config.xml.XMLConfigurationBuilder} -  Generating the Synapse configuration model by parsing the XML configuration {org.apache.synapse.config.xml.XMLConfigurationBuilder}
TID: [-1234] [] [2019-11-25 03:39:07,536]  INFO {org.wso2.carbon.mediation.dependency.mgt.DependencyTracker} -  Endpoint : kart--v1.0.0_APIproductionEndpoint was added to the Synapse configuration successfully {org.wso2.carbon.mediation.dependency.mgt.DependencyTracker}
TID: [-1234] [] [2019-11-25 03:39:07,546]  INFO {org.wso2.carbon.mediation.dependency.mgt.DependencyTracker} -  Endpoint : kart--v1.0.0_APIsandboxEndpoint was added to the Synapse configuration successfully {org.wso2.carbon.mediation.dependency.mgt.DependencyTracker}
TID: [-1234] [] [2019-11-25 03:39:07,552]  INFO {org.wso2.carbon.mediation.dependency.mgt.DependencyTracker} -  Endpoint : kart1--v1.0.0_APIproductionEndpoint was added to the Synapse configuration successfully {org.wso2.carbon.mediation.dependency.mgt.DependencyTracker}
TID: [-1234] [] [2019-11-25 03:39:07,559]  INFO {org.wso2.carbon.mediation.dependency.mgt.DependencyTracker} -  Endpoint : kart1--v1.0.0_APIsandboxEndpoint was added to the Synapse configuration successfully {org.wso2.carbon.mediation.dependency.mgt.DependencyTracker}
TID: [-1234] [] [2019-11-25 03:39:07,568]  INFO {org.wso2.carbon.mediation.dependency.mgt.DependencyTracker} -  Endpoint : kkkr--v1.0.0_APIproductionEndpoint was added to the Synapse configuration successfully {org.wso2.carbon.mediation.dependency.mgt.DependencyTracker}
TID: [-1234] [] [2019-11-25 03:39:07,577]  INFO {org.wso2.carbon.mediation.dependency.mgt.DependencyTracker} -  Endpoint : kkkr--v1.0.0_APIsandboxEndpoint was added to the Synapse configuration successfully {org.wso2.carbon.mediation.dependency.mgt.DependencyTracker}
TID: [-1234] [] [2019-11-25 03:39:07,584]  INFO {org.wso2.carbon.mediation.dependency.mgt.DependencyTracker} -  Endpoint : WorldBank--v1.0.0_APIproductionEndpoint was added to the Synapse configuration successfully {org.wso2.carbon.mediation.dependency.mgt.DependencyTracker}
TID: [-1234] [] [2019-11-25 03:39:07,685]  INFO {org.wso2.carbon.mediation.dependency.mgt.DependencyTracker} -  Sequence : admin--kart1:v1.0.0--In was added to the Synapse configuration successfully {org.wso2.carbon.mediation.dependency.mgt.DependencyTracker}
TID: [-1234] [] [2019-11-25 03:39:07,731]  INFO {org.wso2.carbon.mediation.dependency.mgt.DependencyTracker} -  Sequence : debug_json_fault was added to the Synapse configuration successfully {org.wso2.carbon.mediation.dependency.mgt.DependencyTracker}
TID: [-1234] [] [2019-11-25 03:39:07,731]  INFO {org.wso2.carbon.mediation.dependency.mgt.DependencyTracker} -  Sequence : dispatchSeq was added to the Synapse configuration successfully {org.wso2.carbon.mediation.dependency.mgt.DependencyTracker}
TID: [-1234] [] [2019-11-25 03:39:07,778]  INFO {org.wso2.carbon.mediation.dependency.mgt.DependencyTracker} -  Sequence : fault was added to the Synapse configuration successfully {org.wso2.carbon.mediation.dependency.mgt.DependencyTracker}
TID: [-1234] [] [2019-11-25 03:39:07,810]  INFO {org.wso2.carbon.mediation.dependency.mgt.DependencyTracker} -  Sequence : main was added to the Synapse configuration successfully {org.wso2.carbon.mediation.dependency.mgt.DependencyTracker}
TID: [-1234] [] [2019-11-25 03:39:07,822]  INFO {org.wso2.carbon.mediation.dependency.mgt.DependencyTracker} -  Sequence : outDispatchSeq was added to the Synapse configuration successfully {org.wso2.carbon.mediation.dependency.mgt.DependencyTracker}
TID: [-1234] [] [2019-11-25 03:39:07,832]  INFO {org.wso2.carbon.mediation.dependency.mgt.DependencyTracker} -  Sequence : _auth_failure_handler_ was added to the Synapse configuration successfully {org.wso2.carbon.mediation.dependency.mgt.DependencyTracker}
TID: [-1234] [] [2019-11-25 03:39:07,850]  INFO {org.wso2.carbon.mediation.dependency.mgt.DependencyTracker} -  Sequence : _build_ was added to the Synapse configuration successfully {org.wso2.carbon.mediation.dependency.mgt.DependencyTracker}
TID: [-1234] [] [2019-11-25 03:39:07,881]  INFO {org.wso2.carbon.mediation.dependency.mgt.DependencyTracker} -  Sequence : _cors_request_handler_ was added to the Synapse configuration successfully {org.wso2.carbon.mediation.dependency.mgt.DependencyTracker}
TID: [-1234] [] [2019-11-25 03:39:07,896]  INFO {org.wso2.carbon.mediation.dependency.mgt.DependencyTracker} -  Sequence : _production_key_error_ was added to the Synapse configuration successfully {org.wso2.carbon.mediation.dependency.mgt.DependencyTracker}
TID: [-1234] [] [2019-11-25 03:39:07,928]  INFO {org.wso2.carbon.mediation.dependency.mgt.DependencyTracker} -  Sequence : _resource_mismatch_handler_ was added to the Synapse configuration successfully {org.wso2.carbon.mediation.dependency.mgt.DependencyTracker}
TID: [-1234] [] [2019-11-25 03:39:08,023]  INFO {org.wso2.carbon.mediation.dependency.mgt.DependencyTracker} -  Sequence : _sandbox_key_error_ was added to the Synapse configuration successfully {org.wso2.carbon.mediation.dependency.mgt.DependencyTracker}
TID: [-1234] [] [2019-11-25 03:39:08,070]  INFO {org.wso2.carbon.mediation.dependency.mgt.DependencyTracker} -  Sequence : _threat_fault_ was added to the Synapse configuration successfully {org.wso2.carbon.mediation.dependency.mgt.DependencyTracker}
TID: [-1234] [] [2019-11-25 03:39:08,086]  INFO {org.wso2.carbon.mediation.dependency.mgt.DependencyTracker} -  Sequence : _throttle_out_handler_ was added to the Synapse configuration successfully {org.wso2.carbon.mediation.dependency.mgt.DependencyTracker}
TID: [-1234] [] [2019-11-25 03:39:08,117]  INFO {org.wso2.carbon.mediation.dependency.mgt.DependencyTracker} -  Sequence : _token_fault_ was added to the Synapse configuration successfully {org.wso2.carbon.mediation.dependency.mgt.DependencyTracker}
TID: [-1234] [] [2019-11-25 03:39:08,148]  INFO {org.wso2.carbon.mediation.dependency.mgt.DependencyTracker} -  Proxy service : WorkflowCallbackService was added to the Synapse configuration successfully {org.wso2.carbon.mediation.dependency.mgt.DependencyTracker}
TID: [-1234] [] [2019-11-25 03:39:08,211]  INFO {org.wso2.carbon.mediation.dependency.mgt.DependencyTracker} -  API : admin--kart1 was added to the Synapse configuration successfully {org.wso2.carbon.mediation.dependency.mgt.DependencyTracker}
TID: [-1234] [] [2019-11-25 03:39:08,477]  INFO {org.wso2.carbon.mediation.dependency.mgt.DependencyTracker} -  API : admin--kart1:v1.0.0 was added to the Synapse configuration successfully {org.wso2.carbon.mediation.dependency.mgt.DependencyTracker}
TID: [-1234] [] [2019-11-25 03:39:08,524]  INFO {org.wso2.carbon.mediation.dependency.mgt.DependencyTracker} -  API : admin--kkkr was added to the Synapse configuration successfully {org.wso2.carbon.mediation.dependency.mgt.DependencyTracker}
TID: [-1234] [] [2019-11-25 03:39:08,562]  INFO {org.wso2.carbon.mediation.dependency.mgt.DependencyTracker} -  API : admin--kkkr:v1.0.0 was added to the Synapse configuration successfully {org.wso2.carbon.mediation.dependency.mgt.DependencyTracker}
TID: [-1234] [] [2019-11-25 03:39:08,576]  INFO {org.wso2.carbon.mediation.dependency.mgt.DependencyTracker} -  API : dev--kart:v1.0.0 was added to the Synapse configuration successfully {org.wso2.carbon.mediation.dependency.mgt.DependencyTracker}
TID: [-1234] [] [2019-11-25 03:39:08,595]  INFO {org.wso2.carbon.mediation.dependency.mgt.DependencyTracker} -  API : dev--WorldBank:v1.0.0 was added to the Synapse configuration successfully {org.wso2.carbon.mediation.dependency.mgt.DependencyTracker}
TID: [-1234] [] [2019-11-25 03:39:08,675]  INFO {org.wso2.carbon.mediation.dependency.mgt.DependencyTracker} -  API : _WSO2AMAuthorizeAPI_ was added to the Synapse configuration successfully {org.wso2.carbon.mediation.dependency.mgt.DependencyTracker}
TID: [-1] [] [2019-11-25 03:39:08,761]  INFO {org.wso2.carbon.databridge.core.DataBridge} -  user admin connected {org.wso2.carbon.databridge.core.DataBridge}
TID: [-1234] [] [2019-11-25 03:39:08,763]  INFO {org.wso2.carbon.mediation.dependency.mgt.DependencyTracker} -  API : _WSO2AMRevokeAPI_ was added to the Synapse configuration successfully {org.wso2.carbon.mediation.dependency.mgt.DependencyTracker}
TID: [-1234] [] [2019-11-25 03:39:08,814]  INFO {org.wso2.carbon.mediation.dependency.mgt.DependencyTracker} -  API : _WSO2AMTokenAPI_ was added to the Synapse configuration successfully {org.wso2.carbon.mediation.dependency.mgt.DependencyTracker}
TID: [-1234] [] [2019-11-25 03:39:08,821]  INFO {org.wso2.carbon.mediation.dependency.mgt.DependencyTracker} -  API : _WSO2AMUserInfoAPI_ was added to the Synapse configuration successfully {org.wso2.carbon.mediation.dependency.mgt.DependencyTracker}
TID: [-1234] [] [2019-11-25 03:39:08,821]  INFO {org.wso2.carbon.mediation.dependency.mgt.DependencyTracker} -  Inbound Endpoint : SecureWebSocketEP was added to the Synapse configuration successfully {org.wso2.carbon.mediation.dependency.mgt.DependencyTracker}
TID: [-1234] [] [2019-11-25 03:39:08,852]  INFO {org.wso2.carbon.mediation.dependency.mgt.DependencyTracker} -  Inbound Endpoint : WebSocketInboundEndpoint was added to the Synapse configuration successfully {org.wso2.carbon.mediation.dependency.mgt.DependencyTracker}
TID: [-1234] [] [2019-11-25 03:39:08,852]  INFO {org.apache.synapse.config.SynapseConfigurationBuilder} -  Loaded Synapse configuration from the artifact repository at : .\.\repository/deployment/server/synapse-configs\default {org.apache.synapse.config.SynapseConfigurationBuilder}
TID: [-1234] [] [2019-11-25 03:39:08,868]  INFO {org.wso2.carbon.mediation.dependency.mgt.DependencyTracker} -  Local entry : SERVER_HOST was added to the Synapse configuration successfully {org.wso2.carbon.mediation.dependency.mgt.DependencyTracker}
TID: [-1234] [] [2019-11-25 03:39:08,868]  INFO {org.wso2.carbon.mediation.dependency.mgt.DependencyTracker} -  Local entry : SERVER_IP was added to the Synapse configuration successfully {org.wso2.carbon.mediation.dependency.mgt.DependencyTracker}
TID: [-1234] [] [2019-11-25 03:39:08,868]  INFO {org.apache.synapse.Axis2SynapseController} -  Loading mediator extensions... {org.apache.synapse.Axis2SynapseController}
TID: [-1234] [] [2019-11-25 03:39:09,725]  INFO {org.wso2.carbon.core.deployment.DeploymentInterceptor} -  Deploying Axis2 service: echo {super-tenant} {org.wso2.carbon.core.deployment.DeploymentInterceptor}
TID: [-1234] [] [2019-11-25 03:39:09,725]  INFO {org.apache.axis2.deployment.DeploymentEngine} -  Deploying Web service: Echo.aar - file:/C:/WSO2/wso2am-2.6.0/bin/../repository/deployment/server/axis2services/Echo.aar {org.apache.axis2.deployment.DeploymentEngine}
TID: [-1234] [] [2019-11-25 03:39:09,763]  INFO {org.wso2.carbon.core.deployment.DeploymentInterceptor} -  Deploying Axis2 service: Version {super-tenant} {org.wso2.carbon.core.deployment.DeploymentInterceptor}
TID: [-1234] [] [2019-11-25 03:39:09,764]  INFO {org.apache.axis2.deployment.DeploymentEngine} -  Deploying Web service: Version.aar - file:/C:/WSO2/wso2am-2.6.0/bin/../repository/deployment/server/axis2services/Version.aar {org.apache.axis2.deployment.DeploymentEngine}
TID: [-1234] [] [2019-11-25 03:39:09,857]  INFO {org.wso2.carbon.event.stream.core.EventStreamDeployer} -  Stream definition is deployed successfully  : org.wso2.blocking.request.stream:1.0.0 {org.wso2.carbon.event.stream.core.EventStreamDeployer}
TID: [-1234] [] [2019-11-25 03:39:09,866]  INFO {org.wso2.carbon.event.stream.core.EventStreamDeployer} -  Stream definition is deployed successfully  : org.wso2.keytemplate.request.stream:1.0.0 {org.wso2.carbon.event.stream.core.EventStreamDeployer}
TID: [-1234] [] [2019-11-25 03:39:09,872]  INFO {org.wso2.carbon.event.stream.core.EventStreamDeployer} -  Stream definition is deployed successfully  : org.wso2.throttle.globalThrottle.stream:1.0.0 {org.wso2.carbon.event.stream.core.EventStreamDeployer}
TID: [-1234] [] [2019-11-25 03:39:09,877]  INFO {org.wso2.carbon.event.stream.core.EventStreamDeployer} -  Stream definition is deployed successfully  : org.wso2.throttle.globalThrottle.stream:1.1.0 {org.wso2.carbon.event.stream.core.EventStreamDeployer}
TID: [-1234] [] [2019-11-25 03:39:09,917]  INFO {org.wso2.carbon.event.stream.core.EventStreamDeployer} -  Stream definition is deployed successfully  : org.wso2.throttle.processed.request.stream:1.0.0 {org.wso2.carbon.event.stream.core.EventStreamDeployer}
TID: [-1234] [] [2019-11-25 03:39:09,951]  INFO {org.wso2.carbon.event.stream.core.EventStreamDeployer} -  Stream definition is deployed successfully  : org.wso2.throttle.request.stream:1.0.0 {org.wso2.carbon.event.stream.core.EventStreamDeployer}
TID: [-1234] [] [2019-11-25 03:39:09,967]  INFO {org.wso2.carbon.event.stream.core.internal.EventJunction} -  WSO2EventConsumer added to the junction. Stream:org.wso2.blocking.request.stream:1.0.0 {org.wso2.carbon.event.stream.core.internal.EventJunction}
TID: [-1234] [] [2019-11-25 03:39:09,967]  INFO {org.wso2.carbon.event.publisher.core.EventPublisherDeployer} -  Event Publisher configuration successfully deployed and in active state : blockingEventJMSPublisher {org.wso2.carbon.event.publisher.core.EventPublisherDeployer}
TID: [-1234] [] [2019-11-25 03:39:09,998]  INFO {org.wso2.carbon.event.stream.core.internal.EventJunction} -  WSO2EventConsumer added to the junction. Stream:org.wso2.throttle.globalThrottle.stream:1.0.0 {org.wso2.carbon.event.stream.core.internal.EventJunction}
TID: [-1234] [] [2019-11-25 03:39:09,998]  INFO {org.wso2.carbon.event.publisher.core.EventPublisherDeployer} -  Event Publisher configuration successfully deployed and in active state : jmsEventPublisher {org.wso2.carbon.event.publisher.core.EventPublisherDeployer}
TID: [-1234] [] [2019-11-25 03:39:10,014]  INFO {org.wso2.carbon.event.stream.core.internal.EventJunction} -  WSO2EventConsumer added to the junction. Stream:org.wso2.throttle.globalThrottle.stream:1.1.0 {org.wso2.carbon.event.stream.core.internal.EventJunction}
TID: [-1234] [] [2019-11-25 03:39:10,014]  INFO {org.wso2.carbon.event.publisher.core.EventPublisherDeployer} -  Event Publisher configuration successfully deployed and in active state : jmsEventPublisher-1.0.0 {org.wso2.carbon.event.publisher.core.EventPublisherDeployer}
TID: [-1234] [] [2019-11-25 03:39:10,014]  INFO {org.wso2.carbon.event.stream.core.internal.EventJunction} -  WSO2EventConsumer added to the junction. Stream:org.wso2.keytemplate.request.stream:1.0.0 {org.wso2.carbon.event.stream.core.internal.EventJunction}
TID: [-1234] [] [2019-11-25 03:39:10,014]  INFO {org.wso2.carbon.event.publisher.core.EventPublisherDeployer} -  Event Publisher configuration successfully deployed and in active state : keyTemplateEventPublisher {org.wso2.carbon.event.publisher.core.EventPublisherDeployer}
TID: [-1234] [] [2019-11-25 03:39:10,029]  INFO {org.wso2.carbon.event.input.adapter.core.internal.InputAdapterRuntime} -  Connecting receiver blockingWso2EventReceiver {org.wso2.carbon.event.input.adapter.core.internal.InputAdapterRuntime}
TID: [-1234] [] [2019-11-25 03:39:10,029]  INFO {org.wso2.carbon.event.stream.core.internal.EventJunction} -  Producer added to the junction. Stream:org.wso2.blocking.request.stream:1.0.0 {org.wso2.carbon.event.stream.core.internal.EventJunction}
TID: [-1234] [] [2019-11-25 03:39:10,029]  INFO {org.wso2.carbon.event.receiver.core.EventReceiverDeployer} -  Event Receiver configuration successfully deployed and in active state: blockingWso2EventReceiver {org.wso2.carbon.event.receiver.core.EventReceiverDeployer}
TID: [-1234] [] [2019-11-25 03:39:10,045]  INFO {org.wso2.carbon.event.input.adapter.core.internal.InputAdapterRuntime} -  Connecting receiver keyTemplateWso2EventReceiver {org.wso2.carbon.event.input.adapter.core.internal.InputAdapterRuntime}
TID: [-1234] [] [2019-11-25 03:39:10,045]  INFO {org.wso2.carbon.event.stream.core.internal.EventJunction} -  Producer added to the junction. Stream:org.wso2.keytemplate.request.stream:1.0.0 {org.wso2.carbon.event.stream.core.internal.EventJunction}
TID: [-1234] [] [2019-11-25 03:39:10,045]  INFO {org.wso2.carbon.event.receiver.core.EventReceiverDeployer} -  Event Receiver configuration successfully deployed and in active state: keyTemplateWso2EventReceiver {org.wso2.carbon.event.receiver.core.EventReceiverDeployer}
TID: [-1234] [] [2019-11-25 03:39:10,061]  INFO {org.wso2.carbon.event.input.adapter.core.internal.InputAdapterRuntime} -  Connecting receiver throttleEventReceiver {org.wso2.carbon.event.input.adapter.core.internal.InputAdapterRuntime}
TID: [-1234] [] [2019-11-25 03:39:10,061]  INFO {org.wso2.carbon.event.stream.core.internal.EventJunction} -  Producer added to the junction. Stream:org.wso2.throttle.request.stream:1.0.0 {org.wso2.carbon.event.stream.core.internal.EventJunction}
TID: [-1234] [] [2019-11-25 03:39:10,061]  INFO {org.wso2.carbon.event.receiver.core.EventReceiverDeployer} -  Event Receiver configuration successfully deployed and in active state: throttleEventReceiver {org.wso2.carbon.event.receiver.core.EventReceiverDeployer}
TID: [-1234] [] [2019-11-25 03:39:10,061]  INFO {org.wso2.carbon.event.input.adapter.core.internal.InputAdapterRuntime} -  Connecting receiver throttleWSO2EventReceiver {org.wso2.carbon.event.input.adapter.core.internal.InputAdapterRuntime}
TID: [-1234] [] [2019-11-25 03:39:10,061]  INFO {org.wso2.carbon.event.stream.core.internal.EventJunction} -  Producer added to the junction. Stream:org.wso2.throttle.request.stream:1.0.0 {org.wso2.carbon.event.stream.core.internal.EventJunction}
TID: [-1234] [] [2019-11-25 03:39:10,061]  INFO {org.wso2.carbon.event.receiver.core.EventReceiverDeployer} -  Event Receiver configuration successfully deployed and in active state: throttleWSO2EventReceiver {org.wso2.carbon.event.receiver.core.EventReceiverDeployer}
TID: [-1234] [] [2019-11-25 03:39:10,373]  INFO {org.wso2.carbon.event.stream.core.internal.EventJunction} -  Producer added to the junction. Stream:org.wso2.throttle.processed.request.stream:1.0.0 {org.wso2.carbon.event.stream.core.internal.EventJunction}
TID: [-1234] [] [2019-11-25 03:39:10,389]  INFO {org.wso2.carbon.event.stream.core.internal.EventJunction} -  Consumer added to the junction. Stream:org.wso2.throttle.request.stream:1.0.0 {org.wso2.carbon.event.stream.core.internal.EventJunction}
TID: [-1234] [] [2019-11-25 03:39:10,389]  INFO {org.wso2.carbon.event.processor.core.EventProcessorDeployer} -  Execution plan is deployed successfully and in active state  : requestPreProcessorExecutionPlan {org.wso2.carbon.event.processor.core.EventProcessorDeployer}
TID: [-1234] [] [2019-11-25 03:39:10,491]  INFO {org.wso2.carbon.event.stream.core.internal.EventJunction} -  Producer added to the junction. Stream:org.wso2.throttle.globalThrottle.stream:1.0.0 {org.wso2.carbon.event.stream.core.internal.EventJunction}
TID: [-1234] [] [2019-11-25 03:39:10,491]  INFO {org.wso2.carbon.event.stream.core.internal.EventJunction} -  Consumer added to the junction. Stream:org.wso2.throttle.processed.request.stream:1.0.0 {org.wso2.carbon.event.stream.core.internal.EventJunction}
TID: [-1234] [] [2019-11-25 03:39:10,491]  INFO {org.wso2.carbon.event.processor.core.EventProcessorDeployer} -  Execution plan is deployed successfully and in active state  : carbon.super_app_10PerMin {org.wso2.carbon.event.processor.core.EventProcessorDeployer}
TID: [-1234] [] [2019-11-25 03:39:10,569]  INFO {org.wso2.carbon.event.stream.core.internal.EventJunction} -  Producer added to the junction. Stream:org.wso2.throttle.globalThrottle.stream:1.0.0 {org.wso2.carbon.event.stream.core.internal.EventJunction}
TID: [-1234] [] [2019-11-25 03:39:10,569]  INFO {org.wso2.carbon.event.stream.core.internal.EventJunction} -  Consumer added to the junction. Stream:org.wso2.throttle.processed.request.stream:1.0.0 {org.wso2.carbon.event.stream.core.internal.EventJunction}
TID: [-1234] [] [2019-11-25 03:39:10,569]  INFO {org.wso2.carbon.event.processor.core.EventProcessorDeployer} -  Execution plan is deployed successfully and in active state  : carbon.super_app_20PerMin {org.wso2.carbon.event.processor.core.EventProcessorDeployer}
TID: [-1234] [] [2019-11-25 03:39:10,663]  INFO {org.wso2.carbon.event.stream.core.internal.EventJunction} -  Producer added to the junction. Stream:org.wso2.throttle.globalThrottle.stream:1.0.0 {org.wso2.carbon.event.stream.core.internal.EventJunction}
TID: [-1234] [] [2019-11-25 03:39:10,663]  INFO {org.wso2.carbon.event.stream.core.internal.EventJunction} -  Consumer added to the junction. Stream:org.wso2.throttle.processed.request.stream:1.0.0 {org.wso2.carbon.event.stream.core.internal.EventJunction}
TID: [-1234] [] [2019-11-25 03:39:10,663]  INFO {org.wso2.carbon.event.processor.core.EventProcessorDeployer} -  Execution plan is deployed successfully and in active state  : carbon.super_app_50PerMin {org.wso2.carbon.event.processor.core.EventProcessorDeployer}
TID: [-1234] [] [2019-11-25 03:39:10,741]  INFO {org.wso2.carbon.event.stream.core.internal.EventJunction} -  Producer added to the junction. Stream:org.wso2.throttle.globalThrottle.stream:1.0.0 {org.wso2.carbon.event.stream.core.internal.EventJunction}
TID: [-1234] [] [2019-11-25 03:39:10,741]  INFO {org.wso2.carbon.event.stream.core.internal.EventJunction} -  Consumer added to the junction. Stream:org.wso2.throttle.processed.request.stream:1.0.0 {org.wso2.carbon.event.stream.core.internal.EventJunction}
TID: [-1234] [] [2019-11-25 03:39:10,741]  INFO {org.wso2.carbon.event.processor.core.EventProcessorDeployer} -  Execution plan is deployed successfully and in active state  : carbon.super_resource_10KPerMin_default {org.wso2.carbon.event.processor.core.EventProcessorDeployer}
TID: [-1234] [] [2019-11-25 03:39:10,835]  INFO {org.wso2.carbon.event.stream.core.internal.EventJunction} -  Producer added to the junction. Stream:org.wso2.throttle.globalThrottle.stream:1.0.0 {org.wso2.carbon.event.stream.core.internal.EventJunction}
TID: [-1234] [] [2019-11-25 03:39:10,835]  INFO {org.wso2.carbon.event.stream.core.internal.EventJunction} -  Consumer added to the junction. Stream:org.wso2.throttle.processed.request.stream:1.0.0 {org.wso2.carbon.event.stream.core.internal.EventJunction}
TID: [-1234] [] [2019-11-25 03:39:10,836]  INFO {org.wso2.carbon.event.processor.core.EventProcessorDeployer} -  Execution plan is deployed successfully and in active state  : carbon.super_resource_20KPerMin_default {org.wso2.carbon.event.processor.core.EventProcessorDeployer}
TID: [-1234] [] [2019-11-25 03:39:10,915]  INFO {org.wso2.carbon.event.stream.core.internal.EventJunction} -  Producer added to the junction. Stream:org.wso2.throttle.globalThrottle.stream:1.0.0 {org.wso2.carbon.event.stream.core.internal.EventJunction}
TID: [-1234] [] [2019-11-25 03:39:10,921]  INFO {org.wso2.carbon.event.stream.core.internal.EventJunction} -  Consumer added to the junction. Stream:org.wso2.throttle.processed.request.stream:1.0.0 {org.wso2.carbon.event.stream.core.internal.EventJunction}
TID: [-1234] [] [2019-11-25 03:39:10,921]  INFO {org.wso2.carbon.event.processor.core.EventProcessorDeployer} -  Execution plan is deployed successfully and in active state  : carbon.super_resource_50KPerMin_default {org.wso2.carbon.event.processor.core.EventProcessorDeployer}
TID: [-1234] [] [2019-11-25 03:39:11,006]  INFO {org.wso2.carbon.event.stream.core.internal.EventJunction} -  Producer added to the junction. Stream:org.wso2.throttle.globalThrottle.stream:1.0.0 {org.wso2.carbon.event.stream.core.internal.EventJunction}
TID: [-1234] [] [2019-11-25 03:39:11,008]  INFO {org.wso2.carbon.event.stream.core.internal.EventJunction} -  Consumer added to the junction. Stream:org.wso2.throttle.processed.request.stream:1.0.0 {org.wso2.carbon.event.stream.core.internal.EventJunction}
TID: [-1234] [] [2019-11-25 03:39:11,008]  INFO {org.wso2.carbon.event.processor.core.EventProcessorDeployer} -  Execution plan is deployed successfully and in active state  : carbon.super_sub_Bronze {org.wso2.carbon.event.processor.core.EventProcessorDeployer}
TID: [-1234] [] [2019-11-25 03:39:11,086]  INFO {org.wso2.carbon.event.stream.core.internal.EventJunction} -  Producer added to the junction. Stream:org.wso2.throttle.globalThrottle.stream:1.0.0 {org.wso2.carbon.event.stream.core.internal.EventJunction}
TID: [-1234] [] [2019-11-25 03:39:11,086]  INFO {org.wso2.carbon.event.stream.core.internal.EventJunction} -  Consumer added to the junction. Stream:org.wso2.throttle.processed.request.stream:1.0.0 {org.wso2.carbon.event.stream.core.internal.EventJunction}
TID: [-1234] [] [2019-11-25 03:39:11,086]  INFO {org.wso2.carbon.event.processor.core.EventProcessorDeployer} -  Execution plan is deployed successfully and in active state  : carbon.super_sub_Gold {org.wso2.carbon.event.processor.core.EventProcessorDeployer}
TID: [-1234] [] [2019-11-25 03:39:11,196]  INFO {org.wso2.carbon.event.stream.core.internal.EventJunction} -  Producer added to the junction. Stream:org.wso2.throttle.globalThrottle.stream:1.0.0 {org.wso2.carbon.event.stream.core.internal.EventJunction}
TID: [-1234] [] [2019-11-25 03:39:11,227]  INFO {org.wso2.carbon.event.stream.core.internal.EventJunction} -  Consumer added to the junction. Stream:org.wso2.throttle.processed.request.stream:1.0.0 {org.wso2.carbon.event.stream.core.internal.EventJunction}
TID: [-1234] [] [2019-11-25 03:39:11,227]  INFO {org.wso2.carbon.event.processor.core.EventProcessorDeployer} -  Execution plan is deployed successfully and in active state  : carbon.super_sub_Silver {org.wso2.carbon.event.processor.core.EventProcessorDeployer}
TID: [-1234] [] [2019-11-25 03:39:11,289]  INFO {org.wso2.carbon.event.stream.core.internal.EventJunction} -  Producer added to the junction. Stream:org.wso2.throttle.globalThrottle.stream:1.0.0 {org.wso2.carbon.event.stream.core.internal.EventJunction}
TID: [-1234] [] [2019-11-25 03:39:11,289]  INFO {org.wso2.carbon.event.stream.core.internal.EventJunction} -  Consumer added to the junction. Stream:org.wso2.throttle.processed.request.stream:1.0.0 {org.wso2.carbon.event.stream.core.internal.EventJunction}
TID: [-1234] [] [2019-11-25 03:39:11,289]  INFO {org.wso2.carbon.event.processor.core.EventProcessorDeployer} -  Execution plan is deployed successfully and in active state  : carbon.super_sub_Unauthenticated {org.wso2.carbon.event.processor.core.EventProcessorDeployer}
TID: [-1234] [] [2019-11-25 03:39:15,181]  INFO {org.wso2.carbon.webapp.mgt.TomcatGenericWebappsDeployer} -  Deployed webapp: StandardEngine[Catalina].StandardHost[apies.northeurope.cloudapp.azure.com].StandardContext[/am/sample/calculator/v1].File[C:\WSO2\wso2am-2.6.0\bin\..\repository\deployment\server\webapps\am#sample#calculator#v1.war] {org.wso2.carbon.webapp.mgt.TomcatGenericWebappsDeployer}
TID: [-1234] [] [2019-11-25 03:39:18,767]  INFO {org.wso2.carbon.webapp.mgt.TomcatGenericWebappsDeployer} -  Deployed webapp: StandardEngine[Catalina].StandardHost[apies.northeurope.cloudapp.azure.com].StandardContext[/am/sample/pizzashack/v1].File[C:\WSO2\wso2am-2.6.0\bin\..\repository\deployment\server\webapps\am#sample#pizzashack#v1.war] {org.wso2.carbon.webapp.mgt.TomcatGenericWebappsDeployer}
TID: [-1] [] [2019-11-25 03:39:21,924]  INFO {org.wso2.carbon.identity.entitlement.internal.SchemaBuilder} -  XACML policy schema loaded successfully. {org.wso2.carbon.identity.entitlement.internal.SchemaBuilder}
TID: [-1234] [] [2019-11-25 03:39:25,165]  INFO {org.wso2.carbon.webapp.mgt.TomcatGenericWebappsDeployer} -  Deployed webapp: StandardEngine[Catalina].StandardHost[apies.northeurope.cloudapp.azure.com].StandardContext[/api/am/admin/v0.14].File[C:\WSO2\wso2am-2.6.0\bin\..\repository\deployment\server\webapps\api#am#admin#v0.14.war] {org.wso2.carbon.webapp.mgt.TomcatGenericWebappsDeployer}
TID: [-1234] [] [2019-11-25 03:39:31,111]  INFO {org.wso2.carbon.webapp.mgt.TomcatGenericWebappsDeployer} -  Deployed webapp: StandardEngine[Catalina].StandardHost[apies.northeurope.cloudapp.azure.com].StandardContext[/api/am/publisher/v0.14].File[C:\WSO2\wso2am-2.6.0\bin\..\repository\deployment\server\webapps\api#am#publisher#v0.14.war] {org.wso2.carbon.webapp.mgt.TomcatGenericWebappsDeployer}
TID: [-1234] [] [2019-11-25 03:39:36,485]  INFO {org.wso2.carbon.webapp.mgt.TomcatGenericWebappsDeployer} -  Deployed webapp: StandardEngine[Catalina].StandardHost[apies.northeurope.cloudapp.azure.com].StandardContext[/api/am/store/v0.14].File[C:\WSO2\wso2am-2.6.0\bin\..\repository\deployment\server\webapps\api#am#store#v0.14.war] {org.wso2.carbon.webapp.mgt.TomcatGenericWebappsDeployer}
TID: [-1234] [] [2019-11-25 03:39:40,715]  INFO {org.apache.cxf.endpoint.ServerImpl} -  Setting the server's publish address to be / {org.apache.cxf.endpoint.ServerImpl}
TID: [-1234] [] [2019-11-25 03:39:40,809]  INFO {org.wso2.carbon.webapp.mgt.TomcatGenericWebappsDeployer} -  Deployed webapp: StandardEngine[Catalina].StandardHost[apies.northeurope.cloudapp.azure.com].StandardContext[/api/identity/consent-mgt/v1.0].File[C:\WSO2\wso2am-2.6.0\bin\..\repository\deployment\server\webapps\api#identity#consent-mgt#v1.0.war] {org.wso2.carbon.webapp.mgt.TomcatGenericWebappsDeployer}
TID: [-1] [] [2019-11-25 03:39:42,779]  INFO {org.wso2.carbon.event.processor.manager.core.internal.CarbonEventManagementService} -  Starting polling event receivers {org.wso2.carbon.event.processor.manager.core.internal.CarbonEventManagementService}
TID: [-1234] [] [2019-11-25 03:39:44,441]  INFO {org.wso2.carbon.identity.application.authentication.endpoint.util.TenantDataManager} -  EndpointConfig.properties file loaded from ./repository/conf/identity/EndpointConfig.properties {org.wso2.carbon.identity.application.authentication.endpoint.util.TenantDataManager}
TID: [-1234] [] [2019-11-25 03:39:44,751]  INFO {org.wso2.carbon.identity.application.authentication.endpoint.util.MutualSSLManager} -  EndpointConfig.properties file loaded from ./repository/conf/identity/EndpointConfig.properties {org.wso2.carbon.identity.application.authentication.endpoint.util.MutualSSLManager}
TID: [-1234] [] [2019-11-25 03:39:47,368]  INFO {org.wso2.carbon.webapp.mgt.TomcatGenericWebappsDeployer} -  Deployed webapp: StandardEngine[Catalina].StandardHost[apies.northeurope.cloudapp.azure.com].StandardContext[/authenticationendpoint].File[C:\WSO2\wso2am-2.6.0\bin\..\repository\deployment\server\webapps\authenticationendpoint.war] {org.wso2.carbon.webapp.mgt.TomcatGenericWebappsDeployer}
TID: [-1234] [] [2019-11-25 03:39:51,994]  INFO {org.apache.cxf.endpoint.ServerImpl} -  Setting the server's publish address to be /register {org.apache.cxf.endpoint.ServerImpl}
TID: [-1234] [] [2019-11-25 03:39:52,204]  INFO {org.wso2.carbon.webapp.mgt.TomcatGenericWebappsDeployer} -  Deployed webapp: StandardEngine[Catalina].StandardHost[apies.northeurope.cloudapp.azure.com].StandardContext[/client-registration/v0.14].File[C:\WSO2\wso2am-2.6.0\bin\..\repository\deployment\server\webapps\client-registration#v0.14.war] {org.wso2.carbon.webapp.mgt.TomcatGenericWebappsDeployer}
TID: [-1234] [] [2019-11-25 03:39:55,362]  INFO {org.wso2.carbon.webapp.mgt.TomcatGenericWebappsDeployer} -  Deployed webapp: StandardEngine[Catalina].StandardHost[apies.northeurope.cloudapp.azure.com].StandardContext[/oauth2].File[C:\WSO2\wso2am-2.6.0\bin\..\repository\deployment\server\webapps\oauth2.war] {org.wso2.carbon.webapp.mgt.TomcatGenericWebappsDeployer}
TID: [-1234] [] [2019-11-25 03:40:00,149]  INFO {org.apache.cxf.endpoint.ServerImpl} -  Setting the server's publish address to be / {org.apache.cxf.endpoint.ServerImpl}
TID: [-1234] [] [2019-11-25 03:40:00,290]  INFO {org.wso2.carbon.webapp.mgt.TomcatGenericWebappsDeployer} -  Deployed webapp: StandardEngine[Catalina].StandardHost[apies.northeurope.cloudapp.azure.com].StandardContext[/throttle/data/v1].File[C:\WSO2\wso2am-2.6.0\bin\..\repository\deployment\server\webapps\throttle#data#v1.war] {org.wso2.carbon.webapp.mgt.TomcatGenericWebappsDeployer}
TID: [-1234] [] [2019-11-25 03:40:01,997]  INFO {org.apache.synapse.Axis2SynapseController} -  Deploying the Synapse service... {org.apache.synapse.Axis2SynapseController}
TID: [-1234] [] [2019-11-25 03:40:02,013]  INFO {org.apache.synapse.Axis2SynapseController} -  Deploying Proxy services... {org.apache.synapse.Axis2SynapseController}
TID: [-1234] [] [2019-11-25 03:40:02,013]  INFO {org.apache.synapse.core.axis2.ProxyService} -  Building Axis service for Proxy service : WorkflowCallbackService {org.apache.synapse.core.axis2.ProxyService}
TID: [-1234] [] [2019-11-25 03:40:02,028]  INFO {org.apache.synapse.core.axis2.ProxyService} -  Adding service WorkflowCallbackService to the Axis2 configuration {org.apache.synapse.core.axis2.ProxyService}
TID: [-1234] [] [2019-11-25 03:40:02,028]  INFO {org.wso2.carbon.core.deployment.DeploymentInterceptor} -  Deploying Axis2 service: WorkflowCallbackService {super-tenant} {org.wso2.carbon.core.deployment.DeploymentInterceptor}
TID: [-1234] [] [2019-11-25 03:40:02,028]  INFO {org.apache.synapse.core.axis2.ProxyService} -  Successfully created the Axis2 service for Proxy service : WorkflowCallbackService {org.apache.synapse.core.axis2.ProxyService}
TID: [-1234] [] [2019-11-25 03:40:02,028]  INFO {org.apache.synapse.Axis2SynapseController} -  Deployed Proxy service : WorkflowCallbackService {org.apache.synapse.Axis2SynapseController}
TID: [-1234] [] [2019-11-25 03:40:02,028]  INFO {org.apache.synapse.Axis2SynapseController} -  Deploying EventSources... {org.apache.synapse.Axis2SynapseController}
TID: [-1234] [] [2019-11-25 03:40:02,059]  INFO {org.apache.synapse.inbound.InboundEndpoint} -  Initializing Inbound Endpoint: WebSocketInboundEndpoint {org.apache.synapse.inbound.InboundEndpoint}
TID: [-1234] [] [2019-11-25 03:40:02,122]  INFO {org.wso2.carbon.inbound.endpoint.protocol.websocket.management.WebsocketEndpointManager} -  WebSocketInboundEndpoint Endpoint is already started in port : 9099 {org.wso2.carbon.inbound.endpoint.protocol.websocket.management.WebsocketEndpointManager}
TID: [-1234] [] [2019-11-25 03:40:02,122]  INFO {org.apache.synapse.inbound.InboundEndpoint} -  Initializing Inbound Endpoint: SecureWebSocketEP {org.apache.synapse.inbound.InboundEndpoint}
TID: [-1234] [] [2019-11-25 03:40:02,137]  INFO {org.wso2.carbon.inbound.endpoint.protocol.websocket.management.WebsocketEndpointManager} -  SecureWebSocketEP Endpoint is already started in port : 8099 {org.wso2.carbon.inbound.endpoint.protocol.websocket.management.WebsocketEndpointManager}
TID: [-1234] [] [2019-11-25 03:40:02,137]  INFO {org.apache.synapse.rest.API} -  Initializing API: admin--kart1:v1.0.0 {org.apache.synapse.rest.API}
TID: [-1234] [] [2019-11-25 03:40:02,137]  INFO {org.apache.synapse.rest.API} -  Initializing API: dev--kart:v1.0.0 {org.apache.synapse.rest.API}
TID: [-1234] [] [2019-11-25 03:40:02,137]  INFO {org.apache.synapse.rest.API} -  Initializing API: _WSO2AMAuthorizeAPI_ {org.apache.synapse.rest.API}
TID: [-1234] [] [2019-11-25 03:40:02,137]  INFO {org.apache.synapse.rest.API} -  Initializing API: admin--kkkr:v1.0.0 {org.apache.synapse.rest.API}
TID: [-1234] [] [2019-11-25 03:40:02,137]  INFO {org.apache.synapse.rest.API} -  Initializing API: _WSO2AMUserInfoAPI_ {org.apache.synapse.rest.API}
TID: [-1234] [] [2019-11-25 03:40:02,137]  INFO {org.apache.synapse.rest.API} -  Initializing API: dev--WorldBank:v1.0.0 {org.apache.synapse.rest.API}
TID: [-1234] [] [2019-11-25 03:40:02,137]  INFO {org.apache.synapse.rest.API} -  Initializing API: admin--kart1 {org.apache.synapse.rest.API}
TID: [-1234] [] [2019-11-25 03:40:02,137]  INFO {org.apache.synapse.rest.API} -  Initializing API: _WSO2AMRevokeAPI_ {org.apache.synapse.rest.API}
TID: [-1234] [] [2019-11-25 03:40:02,137]  INFO {org.apache.synapse.rest.API} -  Initializing API: _WSO2AMTokenAPI_ {org.apache.synapse.rest.API}
TID: [-1234] [] [2019-11-25 03:40:02,137]  INFO {org.apache.synapse.rest.API} -  Initializing API: admin--kkkr {org.apache.synapse.rest.API}
TID: [-1234] [] [2019-11-25 03:40:02,137]  INFO {org.apache.synapse.ServerManager} -  Server ready for processing... {org.apache.synapse.ServerManager}
TID: [-1] [] [2019-11-25 03:40:02,752]  INFO {org.wso2.carbon.databridge.core.DataBridge} -  user admin connected {org.wso2.carbon.databridge.core.DataBridge}
TID: [-1234] [] [2019-11-25 03:40:02,860]  INFO {org.wso2.carbon.inbound.endpoint.protocol.websocket.management.WebsocketEndpointManager} -  Netty SSL Listener starting on port 8099 {org.wso2.carbon.inbound.endpoint.protocol.websocket.management.WebsocketEndpointManager}
TID: [-1234] [] [2019-11-25 03:40:02,860]  INFO {org.wso2.carbon.inbound.endpoint.protocol.websocket.management.WebsocketEndpointManager} -  Netty Listener starting on port 9099 {org.wso2.carbon.inbound.endpoint.protocol.websocket.management.WebsocketEndpointManager}
TID: [-1234] [] [2019-11-25 03:40:03,016]  INFO {org.wso2.andes.configuration.AndesConfigurationManager} -  Main andes configuration located at : C:\WSO2\wso2am-2.6.0\bin\..\repository\conf\broker.xml {org.wso2.andes.configuration.AndesConfigurationManager}
TID: [-1234] [] [2019-11-25 03:40:03,063]  INFO {org.wso2.carbon.andes.internal.QpidServiceComponent} -  Activating Andes Message Broker Engine... {org.wso2.carbon.andes.internal.QpidServiceComponent}
TID: [-1234] [] [2019-11-25 03:40:03,141]  INFO {org.wso2.andes.server.Broker} -  Starting Qpid using configuration : C:\WSO2\wso2am-2.6.0\bin\..\repository\conf\advanced\qpid-config.xml {org.wso2.andes.server.Broker}
TID: [-1234] [] [2019-11-25 03:40:03,267]  INFO {org.wso2.andes.configuration.qpid.ServerConfiguration} -  Signal HUP not supported for OS: Windows Server 2016 {org.wso2.andes.configuration.qpid.ServerConfiguration}
TID: [-1234] [] [2019-11-25 03:40:03,268]  INFO {org.wso2.andes.server.registry.ApplicationRegistry} -  Initialising Application Registry(org.wso2.andes.server.registry.ConfigurationFileApplicationRegistry@18be0f1) {org.wso2.andes.server.registry.ApplicationRegistry}
TID: [-1234] [] [2019-11-25 03:40:03,316]  INFO {org.wso2.andes.server.plugins.PluginManager} -  Opened service trackers {org.wso2.andes.server.plugins.PluginManager}
TID: [-1234] [] [2019-11-25 03:40:03,523]  INFO {org.wso2.andes.server.management.JMXManagedObjectRegistry} -  Initialising managed object registry using jplatform MBean server {org.wso2.andes.server.management.JMXManagedObjectRegistry}
TID: [-1234] [] [2019-11-25 03:40:03,539]  INFO {org.wso2.andes.server.security.auth.manager.PrincipalDatabaseAuthenticationManager} -  PrincipalDatabase concrete implementation : org.wso2.carbon.andes.authentication.andes.CarbonBasedPrincipalDatabase {org.wso2.andes.server.security.auth.manager.PrincipalDatabaseAuthenticationManager}
TID: [-1234] [] [2019-11-25 03:40:03,539]  INFO {org.wso2.andes.server.security.auth.manager.PrincipalDatabaseAuthenticationManager} -  Initialised PLAIN SASL provider successfully {org.wso2.andes.server.security.auth.manager.PrincipalDatabaseAuthenticationManager}
TID: [-1234] [] [2019-11-25 03:40:03,539]  INFO {org.wso2.andes.server.security.auth.manager.PrincipalDatabaseAuthenticationManager} -  Additional SASL providers successfully registered. {org.wso2.andes.server.security.auth.manager.PrincipalDatabaseAuthenticationManager}
TID: [-1234] [] [2019-11-25 03:40:03,539]  INFO {org.wso2.andes.server.security.auth.manager.PrincipalDatabaseAuthenticationManager} -  Registering UserManagementMBean {org.wso2.andes.server.security.auth.manager.PrincipalDatabaseAuthenticationManager}
TID: [-1] [] [2019-11-25 03:40:04,494]  WARN {org.wso2.carbon.core.internal.StartupFinalizerServiceComponent} -  Waiting for required OSGi services: org.wso2.carbon.throttling.agent.ThrottlingAgent, {org.wso2.carbon.core.internal.StartupFinalizerServiceComponent}
TID: [-1] [] [2019-11-25 03:40:04,766]  WARN {org.wso2.carbon.apimgt.gateway.throttling.util.BlockingConditionRetriever} -  Failed retrieving Blocking Conditions from remote endpoint: Connection refused: connect. Retrying after 15 seconds... {org.wso2.carbon.apimgt.gateway.throttling.util.BlockingConditionRetriever}
TID: [-1] [] [2019-11-25 03:40:04,766]  WARN {org.wso2.carbon.apimgt.gateway.throttling.util.KeyTemplateRetriever} -  Failed retrieving throttling data from remote endpoint: Connection refused: connect. Retrying after 15 seconds... {org.wso2.carbon.apimgt.gateway.throttling.util.KeyTemplateRetriever}
TID: [-1234] [] [2019-11-25 03:40:06,250]  INFO {org.wso2.andes.store.rdbms.RDBMSConnection} -  JDBC connection established with jndi config WSO2MBStoreDB {org.wso2.andes.store.rdbms.RDBMSConnection}
TID: [-1234] [] [2019-11-25 03:40:06,265]  INFO {org.wso2.andes.store.rdbms.RDBMSAndesContextStoreImpl} -  Andes Context Store initialised {org.wso2.andes.store.rdbms.RDBMSAndesContextStoreImpl}
TID: [-1234] [] [2019-11-25 03:40:06,265]  INFO {org.wso2.andes.kernel.AndesKernelBoot} -  AndesContextStore initialised with org.wso2.andes.store.rdbms.RDBMSAndesContextStoreImpl {org.wso2.andes.kernel.AndesKernelBoot}
TID: [-1234] [] [2019-11-25 03:40:06,281]  INFO {org.wso2.andes.store.rdbms.RDBMSConnection} -  JDBC connection established with jndi config WSO2MBStoreDB {org.wso2.andes.store.rdbms.RDBMSConnection}
TID: [-1234] [] [2019-11-25 03:40:06,312]  WARN {org.wso2.andes.configuration.AndesConfigurationManager} -  Error when trying to read property : transaction/maxWaitTimeout. Switching to default value : 30 {org.wso2.andes.configuration.AndesConfigurationManager}
TID: [-1234] [] [2019-11-25 03:40:06,312]  INFO {org.wso2.andes.store.rdbms.RDBMSMessageStoreImpl} -  Message Store initialised {org.wso2.andes.store.rdbms.RDBMSMessageStoreImpl}
TID: [-1234] [] [2019-11-25 03:40:06,312]  INFO {org.wso2.andes.kernel.AndesKernelBoot} -  Andes MessageStore initialised with org.wso2.andes.store.rdbms.RDBMSMessageStoreImpl {org.wso2.andes.kernel.AndesKernelBoot}
TID: [-1234] [] [2019-11-25 03:40:06,467]  INFO {org.wso2.andes.server.cluster.ClusterManager} -  Initializing Standalone Mode. Current Node ID:NODE:apies/10.0.1.5 10.0.1.5 {org.wso2.andes.server.cluster.ClusterManager}
TID: [-1] [] [2019-11-25 03:40:06,477]  INFO {org.wso2.andes.kernel.slot.SlotCreator} -  Slot restoring started for AMQP_Topic_throttledata_NODE:apies/10.0.1.5 {org.wso2.andes.kernel.slot.SlotCreator}
TID: [-1] [] [2019-11-25 03:40:06,489]  INFO {org.wso2.andes.kernel.slot.SlotCreator} -  Recovered 0 messages for queue "AMQP_Topic_throttledata_NODE:apies/10.0.1.5". {org.wso2.andes.kernel.slot.SlotCreator}
TID: [-1] [] [2019-11-25 03:40:06,489]  INFO {org.wso2.andes.kernel.slot.SlotCreator} -  Slot restoring ended for AMQP_Topic_throttledata_NODE:apies/10.0.1.5 {org.wso2.andes.kernel.slot.SlotCreator}
TID: [-1234] [] [2019-11-25 03:40:06,707]  INFO {org.wso2.andes.kernel.Andes} -  Andes API initialised. {org.wso2.andes.kernel.Andes}
TID: [-1234] [] [2019-11-25 03:40:06,770]  INFO {org.wso2.andes.kernel.AndesChannel} -  Channel created (ID: Internel_channel) {org.wso2.andes.kernel.AndesChannel}
TID: [-1234] [] [2019-11-25 03:40:06,786]  INFO {org.wso2.andes.kernel.AndesKernelBoot} -  Syncing exchanges, queues, bindings and subscriptions {org.wso2.andes.kernel.AndesKernelBoot}
TID: [-1234] [] [2019-11-25 03:40:06,801]  INFO {org.wso2.andes.kernel.Andes} -  Starting Safe Zone Calculator for slots. {org.wso2.andes.kernel.Andes}
TID: [-1] [] [2019-11-25 03:40:06,817]  INFO {org.wso2.andes.kernel.disruptor.inbound.InboundDBSyncRequestEvent} -  Running DB sync task. {org.wso2.andes.kernel.disruptor.inbound.InboundDBSyncRequestEvent}
TID: [-1] [] [2019-11-25 03:40:06,817]  WARN {org.wso2.andes.kernel.disruptor.inbound.InboundDBSyncRequestEvent} -  Recovering node. Adding exchange messageRouterName=amq.dlc,type=DLC,autoDelete=false {org.wso2.andes.kernel.disruptor.inbound.InboundDBSyncRequestEvent}
TID: [-1] [] [2019-11-25 03:40:06,832]  INFO {org.wso2.andes.kernel.AndesContextInformationManager} -  Message Router Sync [create]: amq.dlc {org.wso2.andes.kernel.AndesContextInformationManager}
TID: [-1] [] [2019-11-25 03:40:06,832]  WARN {org.wso2.andes.kernel.disruptor.inbound.InboundDBSyncRequestEvent} -  Recovering node. Adding queue to queue registry queueName=deadletterchannel,queueOwner=admin,isExclusive=false,isDurable=true,isShared=false,lastPurgedTimestamp=0 {org.wso2.andes.kernel.disruptor.inbound.InboundDBSyncRequestEvent}
TID: [-1234] [] [2019-11-25 03:40:06,895]  INFO {qpid.message.broker.listening} -  [Broker] BRK-1002 : Starting : Listening on TCP port 5672 {qpid.message.broker.listening}
TID: [-1234] [] [2019-11-25 03:40:06,911]  INFO {qpid.message.broker.listening} -  [Broker] BRK-1002 : Starting : Listening on TCP/SSL port 8672 {qpid.message.broker.listening}
TID: [-1] [] [2019-11-25 03:40:06,926]  INFO {org.wso2.andes.kernel.AndesContextInformationManager} -  Queue Sync [create]: deadletterchannel {org.wso2.andes.kernel.AndesContextInformationManager}
TID: [-1] [] [2019-11-25 03:40:06,929]  WARN {org.wso2.andes.kernel.disruptor.inbound.InboundDBSyncRequestEvent} -  Recovering node. Adding queue to queue registry queueName=AMQP_Topic_throttledata_NODE:apies/10.0.1.5,queueOwner=clientid,isExclusive=true,isDurable=false,isShared=false,lastPurgedTimestamp=0 {org.wso2.andes.kernel.disruptor.inbound.InboundDBSyncRequestEvent}
TID: [-1] [] [2019-11-25 03:40:06,940]  INFO {org.wso2.andes.kernel.AndesContextInformationManager} -  Queue Sync [create]: AMQP_Topic_throttledata_NODE:apies/10.0.1.5 {org.wso2.andes.kernel.AndesContextInformationManager}
TID: [-1] [] [2019-11-25 03:40:06,943]  WARN {org.wso2.andes.kernel.disruptor.inbound.InboundDBSyncRequestEvent} -  Recovering node. Adding binding [Binding]E=amq.topic/Q=AMQP_Topic_throttledata_NODE:apies/10.0.1.5/RK=throttledata/D=false/EX=true {org.wso2.andes.kernel.disruptor.inbound.InboundDBSyncRequestEvent}
TID: [-1] [] [2019-11-25 03:40:06,960]  INFO {org.wso2.andes.kernel.AndesContextInformationManager} -  Binding Sync [create]: [Binding]E=amq.topic/Q=AMQP_Topic_throttledata_NODE:apies/10.0.1.5/RK=throttledata/D=false/EX=true {org.wso2.andes.kernel.AndesContextInformationManager}
TID: [-1] [] [2019-11-25 03:40:06,962]  WARN {org.wso2.andes.kernel.disruptor.inbound.InboundDBSyncRequestEvent} -  Recovering node. Adding binding [Binding]E=amq.dlc/Q=deadletterchannel/RK=deadletterchannel/D=true/EX=false {org.wso2.andes.kernel.disruptor.inbound.InboundDBSyncRequestEvent}
TID: [-1] [] [2019-11-25 03:40:06,962]  INFO {org.wso2.andes.kernel.AndesContextInformationManager} -  Binding Sync [create]: [Binding]E=amq.dlc/Q=deadletterchannel/RK=deadletterchannel/D=true/EX=false {org.wso2.andes.kernel.AndesContextInformationManager}
TID: [-1] [] [2019-11-25 03:40:06,968]  WARN {org.wso2.andes.kernel.subscription.AndesSubscriptionManager} -  Subscriptions are not in sync. Local Subscription not available in subscription registry of node NODE:apies/10.0.1.5 but is in DB. Thus removing from DB subscription= subscriptionId=e940aed7-123e-45e1-8def-5f6f4b9f246e,storageQueue=AMQP_Topic_throttledata_NODE:apies/10.0.1.5,protocolType=AMQP,isActive=true,connection= [ connectedIP=/10.0.1.5:49877/1,connectedNode=NODE:apies/10.0.1.5,protocolChannelID=1448223f-591a-4338-b708-148013d893b5 ] {org.wso2.andes.kernel.subscription.AndesSubscriptionManager}
TID: [-1] [] [2019-11-25 03:40:06,970]  INFO {org.wso2.andes.kernel.MessagingEngine} -  Starting SlotDelivery Workers. {org.wso2.andes.kernel.MessagingEngine}
TID: [-1] [] [2019-11-25 03:40:06,970]  INFO {org.wso2.andes.task.TaskExecutorService} -  Starting task manager. Task count 0 {org.wso2.andes.task.TaskExecutorService}
TID: [-1] [] [2019-11-25 03:40:06,972]  INFO {org.wso2.andes.kernel.MessagingEngine} -  Start Disruptor writing messages to store. {org.wso2.andes.kernel.MessagingEngine}
TID: [-1234] [] [2019-11-25 03:40:06,976]  INFO {org.wso2.andes.server.queue.DLCQueueUtils} -  deadletterchannel Queue Created as Dead Letter Channel {org.wso2.andes.server.queue.DLCQueueUtils}
TID: [-1234] [] [2019-11-25 03:40:06,987]  INFO {org.wso2.carbon.andes.internal.QpidServiceComponent} -  AMQP Host Address : 0.0.0.0 Port : 5672 {org.wso2.carbon.andes.internal.QpidServiceComponent}
TID: [-1234] [] [2019-11-25 03:40:06,988]  INFO {org.wso2.carbon.andes.internal.QpidServiceComponent} -  Successfully connected to AMQP server on port 5672 {org.wso2.carbon.andes.internal.QpidServiceComponent}
TID: [-1234] [] [2019-11-25 03:40:06,989]  WARN {org.wso2.carbon.andes.internal.QpidServiceComponent} -  MQTT Transport is disabled as per configuration. {org.wso2.carbon.andes.internal.QpidServiceComponent}
TID: [-1234] [] [2019-11-25 03:40:06,990]  INFO {org.wso2.carbon.andes.internal.QpidServiceComponent} -  WSO2 Message Broker is started. {org.wso2.carbon.andes.internal.QpidServiceComponent}
TID: [-1234] [] [2019-11-25 03:40:07,040]  INFO {org.wso2.carbon.apimgt.jms.listener.utils.JMSConnectionFactory} -  JMS ConnectionFactory : Siddhi-JMS-Consumer initialized {org.wso2.carbon.apimgt.jms.listener.utils.JMSConnectionFactory}
TID: [-1234] [] [2019-11-25 03:40:07,040]  INFO {org.wso2.carbon.apimgt.jms.listener.utils.JMSTransportHandler} -  Starting jms topic consumer thread... {org.wso2.carbon.apimgt.jms.listener.utils.JMSTransportHandler}
TID: [-1] [] [2019-11-25 03:40:07,748]  INFO {org.wso2.andes.client.security.DynamicSaslRegistrar} -  Additional SASL providers successfully registered. {org.wso2.andes.client.security.DynamicSaslRegistrar}
TID: [-1] [] [2019-11-25 03:40:07,748]  INFO {org.wso2.andes.client.security.CallbackHandlerRegistry} -  Callback handlers available for SASL mechanisms: CRAM-MD5 CRAM-MD5-HASHED AMQPLAIN PLAIN {org.wso2.andes.client.security.CallbackHandlerRegistry}
TID: [-1] [] [2019-11-25 03:40:07,795]  INFO {org.wso2.andes.server.handler.ConnectionStartOkMethodHandler} -  SASL Mechanism selected: PLAIN {org.wso2.andes.server.handler.ConnectionStartOkMethodHandler}
TID: [-1] [] [2019-11-25 03:40:07,795]  INFO {org.wso2.andes.server.handler.ConnectionStartOkMethodHandler} -  Locale selected: en_US {org.wso2.andes.server.handler.ConnectionStartOkMethodHandler}
TID: [-1234] [] [2019-11-25 03:40:07,810]  INFO {org.wso2.andes.server.handler.ConnectionStartOkMethodHandler} -  Connected as: admin {org.wso2.andes.server.handler.ConnectionStartOkMethodHandler}
TID: [-1234] [] [2019-11-25 03:40:07,810]  INFO {org.wso2.andes.server.handler.ConnectionStartOkMethodHandler} -  Framesize set to 65535 {org.wso2.andes.server.handler.ConnectionStartOkMethodHandler}
TID: [-1234] [] [2019-11-25 03:40:07,826]  INFO {org.wso2.andes.server.handler.ConnectionCloseMethodHandler} -  ConnectionClose received with reply code/reply text 200/JMS client is closing the connection. for /10.0.1.5:49836(admin) {org.wso2.andes.server.handler.ConnectionCloseMethodHandler}
TID: [-1] [] [2019-11-25 03:40:07,826]  INFO {org.wso2.carbon.apimgt.jms.listener.utils.JMSListener} -  Connection attempt: 1 for JMS Provider for listener: Siddhi-JMS-Consumer#throttleData was successful! {org.wso2.carbon.apimgt.jms.listener.utils.JMSListener}
TID: [-1] [] [2019-11-25 03:40:07,826]  INFO {org.wso2.carbon.apimgt.jms.listener.utils.JMSTaskManager} -  Task manager for Siddhi-JMS-Consumer [re-]initialized {org.wso2.carbon.apimgt.jms.listener.utils.JMSTaskManager}
TID: [-1] [] [2019-11-25 03:40:07,904]  INFO {org.wso2.andes.server.handler.ConnectionStartOkMethodHandler} -  SASL Mechanism selected: PLAIN {org.wso2.andes.server.handler.ConnectionStartOkMethodHandler}
TID: [-1] [] [2019-11-25 03:40:07,920]  INFO {org.wso2.andes.server.handler.ConnectionStartOkMethodHandler} -  Locale selected: en_US {org.wso2.andes.server.handler.ConnectionStartOkMethodHandler}
TID: [-1234] [] [2019-11-25 03:40:07,920]  INFO {org.wso2.andes.server.handler.ConnectionStartOkMethodHandler} -  Connected as: admin {org.wso2.andes.server.handler.ConnectionStartOkMethodHandler}
TID: [-1234] [] [2019-11-25 03:40:07,920]  INFO {org.wso2.andes.server.handler.ConnectionStartOkMethodHandler} -  Framesize set to 65535 {org.wso2.andes.server.handler.ConnectionStartOkMethodHandler}
TID: [-1234] [] [2019-11-25 03:40:07,982]  INFO {org.wso2.andes.server.handler.ChannelOpenHandler} -  Connecting to: carbon {org.wso2.andes.server.handler.ChannelOpenHandler}
TID: [-1234] [] [2019-11-25 03:40:08,013]  INFO {org.wso2.andes.kernel.AndesChannel} -  Channel created (ID: 10.0.1.5:49843) {org.wso2.andes.kernel.AndesChannel}
TID: [-1] [] [2019-11-25 03:40:08,026]  WARN {org.wso2.carbon.apimgt.jms.listener.utils.JMSUtils} -  Cannot locate destination : throttleData {org.wso2.carbon.apimgt.jms.listener.utils.JMSUtils}
TID: [-1] [] [2019-11-25 03:40:08,152]  INFO {org.wso2.andes.server.handler.QueueDeclareHandler} -  Queue tmp_10_0_1_5_49843_1 bound to default exchange(<<default>>) {org.wso2.andes.server.handler.QueueDeclareHandler}
TID: [-1] [] [2019-11-25 03:40:08,168]  INFO {org.wso2.andes.server.handler.QueueDeclareHandler} -  Queue tmp_10_0_1_5_49843_1 declared successfully {org.wso2.andes.server.handler.QueueDeclareHandler}
TID: [-1234] [] [2019-11-25 03:40:08,246]  INFO {org.wso2.andes.server.handler.QueueBindHandler} -  Binding queue tmp_10_0_1_5_49843_1 to exchange TopicExchange[amq.topic] with routing key throttledata {org.wso2.andes.server.handler.QueueBindHandler}
TID: [-1] [] [2019-11-25 03:40:08,340]  INFO {org.wso2.andes.kernel.subscription.AndesSubscriptionManager} -  Add Local subscription AMQP subscriptionId=9caa8f07-972d-4d59-81eb-22cbb658943f,storageQueue=AMQP_Topic_throttledata_NODE:apies/10.0.1.5,protocolType=AMQP,isActive=true,connection= [ connectedIP=/10.0.1.5:49843/1,connectedNode=NODE:apies/10.0.1.5,protocolChannelID=a8e8bdf0-315b-450a-8593-6ac4b618f106 ] {org.wso2.andes.kernel.subscription.AndesSubscriptionManager}
TID: [-1234] [] [2019-11-25 03:40:08,433]  INFO {org.wso2.carbon.databridge.receiver.thrift.ThriftDataReceiver} -  Thrift Server IP : 0.0.0.0 {org.wso2.carbon.databridge.receiver.thrift.ThriftDataReceiver}
TID: [-1234] [] [2019-11-25 03:40:08,465]  INFO {org.wso2.carbon.databridge.receiver.thrift.ThriftDataReceiver} -  Thrift SSL port : 7711 {org.wso2.carbon.databridge.receiver.thrift.ThriftDataReceiver}
TID: [-1] [] [2019-11-25 03:40:08,465]  INFO {org.wso2.carbon.databridge.receiver.thrift.ThriftDataReceiver$ServerThread} -  Thrift receiver started on 0.0.0.0:7711 {org.wso2.carbon.databridge.receiver.thrift.ThriftDataReceiver$ServerThread}
TID: [-1234] [] [2019-11-25 03:40:08,465]  INFO {org.wso2.carbon.databridge.receiver.thrift.ThriftDataReceiver} -  Thrift port : 7611 {org.wso2.carbon.databridge.receiver.thrift.ThriftDataReceiver}
TID: [-1] [] [2019-11-25 03:40:08,465]  INFO {org.wso2.carbon.databridge.receiver.thrift.ThriftDataReceiver$ServerThread} -  Thrift receiver started on 0.0.0.0:7611 {org.wso2.carbon.databridge.receiver.thrift.ThriftDataReceiver$ServerThread}
TID: [-1234] [] [2019-11-25 03:40:08,480]  INFO {org.apache.synapse.transport.passthru.PassThroughHttpListener} -  Starting Pass-through HTTP Listener... {org.apache.synapse.transport.passthru.PassThroughHttpListener}
TID: [-1234] [] [2019-11-25 03:40:08,480]  INFO {org.apache.synapse.transport.passthru.core.PassThroughListeningIOReactorManager} -  Pass-through HTTP Listener started on 0:0:0:0:0:0:0:0:8280 {org.apache.synapse.transport.passthru.core.PassThroughListeningIOReactorManager}
TID: [-1234] [] [2019-11-25 03:40:08,496]  INFO {org.apache.synapse.transport.passthru.PassThroughHttpSSLListener} -  Starting Pass-through HTTPS Listener... {org.apache.synapse.transport.passthru.PassThroughHttpSSLListener}
TID: [-1234] [] [2019-11-25 03:40:08,496]  INFO {org.apache.synapse.transport.passthru.core.PassThroughListeningIOReactorManager} -  Pass-through HTTPS Listener started on 0:0:0:0:0:0:0:0:8443 {org.apache.synapse.transport.passthru.core.PassThroughListeningIOReactorManager}
TID: [-1234] [] [2019-11-25 03:40:08,511]  INFO {org.apache.tomcat.util.net.NioSelectorPool} -  Using a shared selector for servlet write/read {org.apache.tomcat.util.net.NioSelectorPool}
TID: [-1234] [] [2019-11-25 03:40:08,601]  INFO {org.apache.tomcat.util.net.NioSelectorPool} -  Using a shared selector for servlet write/read {org.apache.tomcat.util.net.NioSelectorPool}
TID: [-1234] [] [2019-11-25 03:40:08,844]  INFO {org.wso2.carbon.ntask.core.service.impl.TaskServiceImpl} -  Task service starting in STANDALONE mode... {org.wso2.carbon.ntask.core.service.impl.TaskServiceImpl}
TID: [-1] [] [2019-11-25 03:40:08,859]  INFO {org.wso2.carbon.apimgt.jms.listener.utils.JMSListener} -  Started to listen on destination : throttleData of type topic for listener Siddhi-JMS-Consumer#throttleData {org.wso2.carbon.apimgt.jms.listener.utils.JMSListener}
TID: [-1234] [] [2019-11-25 03:40:09,285]  INFO {org.wso2.carbon.registry.eventing.internal.RegistryEventingServiceComponent} -  Successfully Initialized Eventing on Registry {org.wso2.carbon.registry.eventing.internal.RegistryEventingServiceComponent}
TID: [-1234] [] [2019-11-25 03:40:09,536]  INFO {org.wso2.carbon.core.init.JMXServerManager} -  JMX Service URL  : service:jmx:rmi://localhost:11111/jndi/rmi://localhost:9999/jmxrmi {org.wso2.carbon.core.init.JMXServerManager}
TID: [-1234] [] [2019-11-25 03:40:09,536]  INFO {org.wso2.carbon.core.internal.StartupFinalizerServiceComponent} -  Server           :  WSO2 API Manager-2.6.0 {org.wso2.carbon.core.internal.StartupFinalizerServiceComponent}
TID: [-1234] [] [2019-11-25 03:40:09,536]  INFO {org.wso2.carbon.core.internal.StartupFinalizerServiceComponent} -  WSO2 Carbon started in 202 sec {org.wso2.carbon.core.internal.StartupFinalizerServiceComponent}
TID: [-1234] [] [2019-11-25 03:40:09,916]  INFO {org.wso2.carbon.ui.internal.CarbonUIServiceComponent} -  Mgt Console URL  : https://10.0.1.5:9443/carbon/ {org.wso2.carbon.ui.internal.CarbonUIServiceComponent}
TID: [-1234] [] [2019-11-25 03:40:09,916]  INFO {org.wso2.carbon.ui.internal.CarbonUIServiceComponent} -  API Store Default Context : https://10.0.1.5:9443/store {org.wso2.carbon.ui.internal.CarbonUIServiceComponent}
TID: [-1234] [] [2019-11-25 03:40:09,916]  INFO {org.wso2.carbon.ui.internal.CarbonUIServiceComponent} -  API Publisher Default Context : https://10.0.1.5:9443/publisher {org.wso2.carbon.ui.internal.CarbonUIServiceComponent}
TID: [-1] [] [2019-11-25 03:43:00,974]  INFO {org.wso2.andes.wso2.internal.QpidBundleActivator} -  Setting BundleContext in PluginManager {org.wso2.andes.wso2.internal.QpidBundleActivator}
TID: [-1234] [] [2019-11-25 03:43:04,302]  INFO {org.wso2.carbon.core.internal.CarbonCoreActivator} -  Starting WSO2 Carbon... {org.wso2.carbon.core.internal.CarbonCoreActivator}
TID: [-1234] [] [2019-11-25 03:43:04,302]  INFO {org.wso2.carbon.core.internal.CarbonCoreActivator} -  Operating System : Windows Server 2016 10.0, amd64 {org.wso2.carbon.core.internal.CarbonCoreActivator}
TID: [-1234] [] [2019-11-25 03:43:04,302]  INFO {org.wso2.carbon.core.internal.CarbonCoreActivator} -  Java Home        : C:\Java\jdk1.8.0_221\jre {org.wso2.carbon.core.internal.CarbonCoreActivator}
TID: [-1234] [] [2019-11-25 03:43:04,302]  INFO {org.wso2.carbon.core.internal.CarbonCoreActivator} -  Java Version     : 1.8.0_221 {org.wso2.carbon.core.internal.CarbonCoreActivator}
TID: [-1234] [] [2019-11-25 03:43:04,302]  INFO {org.wso2.carbon.core.internal.CarbonCoreActivator} -  Java VM          : Java HotSpot(TM) 64-Bit Server VM 25.221-b11,Oracle Corporation {org.wso2.carbon.core.internal.CarbonCoreActivator}
TID: [-1234] [] [2019-11-25 03:43:04,302]  INFO {org.wso2.carbon.core.internal.CarbonCoreActivator} -  Carbon Home      : C:\WSO2\wso2am-2.6.0\bin\.. {org.wso2.carbon.core.internal.CarbonCoreActivator}
TID: [-1234] [] [2019-11-25 03:43:04,302]  INFO {org.wso2.carbon.core.internal.CarbonCoreActivator} -  Java Temp Dir    : C:\WSO2\wso2am-2.6.0\bin\..\tmp {org.wso2.carbon.core.internal.CarbonCoreActivator}
TID: [-1234] [] [2019-11-25 03:43:04,302]  INFO {org.wso2.carbon.core.internal.CarbonCoreActivator} -  User             : api_admin, en-US, UTC {org.wso2.carbon.core.internal.CarbonCoreActivator}
TID: [-1] [] [2019-11-25 03:43:04,583]  INFO {org.wso2.carbon.crypto.provider.internal.DefaultCryptoProviderComponent} -  'CryptoService.Secret' property has not been set. 'org.wso2.carbon.crypto.provider.SymmetricKeyInternalCryptoProvider' won't be registered as an internal crypto provider. Please set the secret if the provider needs to be registered. {org.wso2.carbon.crypto.provider.internal.DefaultCryptoProviderComponent}
TID: [-1] [] [2019-11-25 03:43:05,724]  INFO {org.wso2.carbon.event.output.adapter.kafka.internal.ds.KafkaEventAdapterServiceDS} -  Successfully deployed the Kafka output event adaptor service {org.wso2.carbon.event.output.adapter.kafka.internal.ds.KafkaEventAdapterServiceDS}
TID: [-1] [] [2019-11-25 03:43:06,318]  INFO {org.wso2.carbon.event.template.manager.core.internal.ds.TemplateDeployerServiceTrackerDS} -  Successfully deployed the execution manager tracker service {org.wso2.carbon.event.template.manager.core.internal.ds.TemplateDeployerServiceTrackerDS}
TID: [-1234] [] [2019-11-25 03:43:18,756] ERROR {org.wso2.carbon.user.core.common.DefaultRealm} -  nullType class java.lang.reflect.InvocationTargetException {org.wso2.carbon.user.core.common.DefaultRealm}
org.wso2.carbon.user.core.UserStoreException: nullType class java.lang.reflect.InvocationTargetException
	at org.wso2.carbon.user.core.common.DefaultRealm.createObjectWithOptions(DefaultRealm.java:395)
	at org.wso2.carbon.user.core.common.DefaultRealm.initializeObjects(DefaultRealm.java:222)
	at org.wso2.carbon.user.core.common.DefaultRealm.init(DefaultRealm.java:127)
	at org.wso2.carbon.user.core.common.DefaultRealmService.initializeRealm(DefaultRealmService.java:264)
	at org.wso2.carbon.user.core.common.DefaultRealmService.<init>(DefaultRealmService.java:102)
	at org.wso2.carbon.user.core.common.DefaultRealmService.<init>(DefaultRealmService.java:115)
	at org.wso2.carbon.user.core.internal.Activator.startDeploy(Activator.java:72)
	at org.wso2.carbon.user.core.internal.BundleCheckActivator.start(BundleCheckActivator.java:61)
	at org.eclipse.osgi.framework.internal.core.BundleContextImpl$1.run(BundleContextImpl.java:711)
	at java.security.AccessController.doPrivileged(Native Method)
	at org.eclipse.osgi.framework.internal.core.BundleContextImpl.startActivator(BundleContextImpl.java:702)
	at org.eclipse.osgi.framework.internal.core.BundleContextImpl.start(BundleContextImpl.java:683)
	at org.eclipse.osgi.framework.internal.core.BundleHost.startWorker(BundleHost.java:381)
	at org.eclipse.osgi.framework.internal.core.AbstractBundle.resume(AbstractBundle.java:390)
	at org.eclipse.osgi.framework.internal.core.Framework.resumeBundle(Framework.java:1176)
	at org.eclipse.osgi.framework.internal.core.StartLevelManager.resumeBundles(StartLevelManager.java:559)
	at org.eclipse.osgi.framework.internal.core.StartLevelManager.resumeBundles(StartLevelManager.java:544)
	at org.eclipse.osgi.framework.internal.core.StartLevelManager.incFWSL(StartLevelManager.java:457)
	at org.eclipse.osgi.framework.internal.core.StartLevelManager.doSetStartLevel(StartLevelManager.java:243)
	at org.eclipse.osgi.framework.internal.core.StartLevelManager.dispatchEvent(StartLevelManager.java:438)
	at org.eclipse.osgi.framework.internal.core.StartLevelManager.dispatchEvent(StartLevelManager.java:1)
	at org.eclipse.osgi.framework.eventmgr.EventManager.dispatchEvent(EventManager.java:230)
	at org.eclipse.osgi.framework.eventmgr.EventManager$EventThread.run(EventManager.java:340)
Caused by: java.lang.reflect.InvocationTargetException
	at sun.reflect.NativeConstructorAccessorImpl.newInstance0(Native Method)
	at sun.reflect.NativeConstructorAccessorImpl.newInstance(NativeConstructorAccessorImpl.java:62)
	at sun.reflect.DelegatingConstructorAccessorImpl.newInstance(DelegatingConstructorAccessorImpl.java:45)
	at java.lang.reflect.Constructor.newInstance(Constructor.java:423)
	at org.wso2.carbon.user.core.common.DefaultRealm.createObjectWithOptions(DefaultRealm.java:349)
	... 22 more
Caused by: org.wso2.carbon.user.core.UserStoreException: Error occurred while checking is existing domain : PRIMARY for tenant : -1234
	at org.wso2.carbon.user.core.util.UserCoreUtil.persistDomain(UserCoreUtil.java:837)
	at org.wso2.carbon.user.core.common.AbstractUserStoreManager.persistDomain(AbstractUserStoreManager.java:6010)
	at org.wso2.carbon.user.core.jdbc.JDBCUserStoreManager.<init>(JDBCUserStoreManager.java:297)
	at org.wso2.carbon.user.core.jdbc.JDBCUserStoreManager.<init>(JDBCUserStoreManager.java:239)
	... 27 more
Caused by: org.wso2.carbon.user.core.UserStoreException: DB error occurred while checking is existing domain : PRIMARY & tenant id : -1234
	at org.wso2.carbon.user.core.util.UserCoreUtil.isExistingDomain(UserCoreUtil.java:989)
	at org.wso2.carbon.user.core.util.UserCoreUtil.persistDomain(UserCoreUtil.java:825)
	... 30 more
Caused by: org.h2.jdbc.JdbcSQLException: Database may be already in use: "Locked by another process". Possible solutions: close all other connection(s); use the server mode [90020-175]
	at org.h2.message.DbException.getJdbcSQLException(DbException.java:332)
	at org.h2.message.DbException.get(DbException.java:172)
	at org.h2.message.DbException.get(DbException.java:149)
	at org.h2.store.FileLock.getExceptionAlreadyInUse(FileLock.java:454)
	at org.h2.store.FileLock.lockFile(FileLock.java:350)
	at org.h2.store.FileLock.lock(FileLock.java:133)
	at org.h2.engine.Database.open(Database.java:591)
	at org.h2.engine.Database.openDatabase(Database.java:244)
	at org.h2.engine.Database.<init>(Database.java:239)
	at org.h2.engine.Engine.openSession(Engine.java:56)
	at org.h2.engine.Engine.openSession(Engine.java:160)
	at org.h2.engine.Engine.createSessionAndValidate(Engine.java:139)
	at org.h2.engine.Engine.createSession(Engine.java:122)
	at org.h2.engine.Engine.createSession(Engine.java:28)
	at org.h2.engine.SessionRemote.connectEmbeddedOrServer(SessionRemote.java:323)
	at org.h2.jdbc.JdbcConnection.<init>(JdbcConnection.java:105)
	at org.h2.jdbc.JdbcConnection.<init>(JdbcConnection.java:90)
	at org.h2.Driver.connect(Driver.java:73)
	at org.apache.tomcat.jdbc.pool.PooledConnection.connectUsingDriver(PooledConnection.java:278)
	at org.apache.tomcat.jdbc.pool.PooledConnection.connect(PooledConnection.java:182)
	at org.apache.tomcat.jdbc.pool.ConnectionPool.createConnection(ConnectionPool.java:730)
	at org.apache.tomcat.jdbc.pool.ConnectionPool.borrowConnection(ConnectionPool.java:664)
	at org.apache.tomcat.jdbc.pool.ConnectionPool.getConnection(ConnectionPool.java:200)
	at org.apache.tomcat.jdbc.pool.DataSourceProxy.getConnection(DataSourceProxy.java:127)
	at org.wso2.carbon.user.core.util.DatabaseUtil.getDBConnection(DatabaseUtil.java:868)
	at org.wso2.carbon.user.core.util.UserCoreUtil.isExistingDomain(UserCoreUtil.java:971)
	... 31 more
TID: [-1234] [] [2019-11-25 03:43:18,771] ERROR {org.wso2.carbon.user.core.internal.Activator} -  Cannot start User Manager Core bundle {org.wso2.carbon.user.core.internal.Activator}
org.wso2.carbon.user.core.UserStoreException: Cannot initialize the realm.
	at org.wso2.carbon.user.core.common.DefaultRealmService.initializeRealm(DefaultRealmService.java:274)
	at org.wso2.carbon.user.core.common.DefaultRealmService.<init>(DefaultRealmService.java:102)
	at org.wso2.carbon.user.core.common.DefaultRealmService.<init>(DefaultRealmService.java:115)
	at org.wso2.carbon.user.core.internal.Activator.startDeploy(Activator.java:72)
	at org.wso2.carbon.user.core.internal.BundleCheckActivator.start(BundleCheckActivator.java:61)
	at org.eclipse.osgi.framework.internal.core.BundleContextImpl$1.run(BundleContextImpl.java:711)
	at java.security.AccessController.doPrivileged(Native Method)
	at org.eclipse.osgi.framework.internal.core.BundleContextImpl.startActivator(BundleContextImpl.java:702)
	at org.eclipse.osgi.framework.internal.core.BundleContextImpl.start(BundleContextImpl.java:683)
	at org.eclipse.osgi.framework.internal.core.BundleHost.startWorker(BundleHost.java:381)
	at org.eclipse.osgi.framework.internal.core.AbstractBundle.resume(AbstractBundle.java:390)
	at org.eclipse.osgi.framework.internal.core.Framework.resumeBundle(Framework.java:1176)
	at org.eclipse.osgi.framework.internal.core.StartLevelManager.resumeBundles(StartLevelManager.java:559)
	at org.eclipse.osgi.framework.internal.core.StartLevelManager.resumeBundles(StartLevelManager.java:544)
	at org.eclipse.osgi.framework.internal.core.StartLevelManager.incFWSL(StartLevelManager.java:457)
	at org.eclipse.osgi.framework.internal.core.StartLevelManager.doSetStartLevel(StartLevelManager.java:243)
	at org.eclipse.osgi.framework.internal.core.StartLevelManager.dispatchEvent(StartLevelManager.java:438)
	at org.eclipse.osgi.framework.internal.core.StartLevelManager.dispatchEvent(StartLevelManager.java:1)
	at org.eclipse.osgi.framework.eventmgr.EventManager.dispatchEvent(EventManager.java:230)
	at org.eclipse.osgi.framework.eventmgr.EventManager$EventThread.run(EventManager.java:340)
Caused by: org.wso2.carbon.user.core.UserStoreException: nullType class java.lang.reflect.InvocationTargetException
	at org.wso2.carbon.user.core.common.DefaultRealm.initializeObjects(DefaultRealm.java:316)
	at org.wso2.carbon.user.core.common.DefaultRealm.init(DefaultRealm.java:127)
	at org.wso2.carbon.user.core.common.DefaultRealmService.initializeRealm(DefaultRealmService.java:264)
	... 19 more
Caused by: org.wso2.carbon.user.core.UserStoreException: nullType class java.lang.reflect.InvocationTargetException
	at org.wso2.carbon.user.core.common.DefaultRealm.createObjectWithOptions(DefaultRealm.java:395)
	at org.wso2.carbon.user.core.common.DefaultRealm.initializeObjects(DefaultRealm.java:222)
	... 21 more
Caused by: java.lang.reflect.InvocationTargetException
	at sun.reflect.NativeConstructorAccessorImpl.newInstance0(Native Method)
	at sun.reflect.NativeConstructorAccessorImpl.newInstance(NativeConstructorAccessorImpl.java:62)
	at sun.reflect.DelegatingConstructorAccessorImpl.newInstance(DelegatingConstructorAccessorImpl.java:45)
	at java.lang.reflect.Constructor.newInstance(Constructor.java:423)
	at org.wso2.carbon.user.core.common.DefaultRealm.createObjectWithOptions(DefaultRealm.java:349)
	... 22 more
Caused by: org.wso2.carbon.user.core.UserStoreException: Error occurred while checking is existing domain : PRIMARY for tenant : -1234
	at org.wso2.carbon.user.core.util.UserCoreUtil.persistDomain(UserCoreUtil.java:837)
	at org.wso2.carbon.user.core.common.AbstractUserStoreManager.persistDomain(AbstractUserStoreManager.java:6010)
	at org.wso2.carbon.user.core.jdbc.JDBCUserStoreManager.<init>(JDBCUserStoreManager.java:297)
	at org.wso2.carbon.user.core.jdbc.JDBCUserStoreManager.<init>(JDBCUserStoreManager.java:239)
	... 27 more
Caused by: org.wso2.carbon.user.core.UserStoreException: DB error occurred while checking is existing domain : PRIMARY & tenant id : -1234
	at org.wso2.carbon.user.core.util.UserCoreUtil.isExistingDomain(UserCoreUtil.java:989)
	at org.wso2.carbon.user.core.util.UserCoreUtil.persistDomain(UserCoreUtil.java:825)
	... 30 more
Caused by: org.h2.jdbc.JdbcSQLException: Database may be already in use: "Locked by another process". Possible solutions: close all other connection(s); use the server mode [90020-175]
	at org.h2.message.DbException.getJdbcSQLException(DbException.java:332)
	at org.h2.message.DbException.get(DbException.java:172)
	at org.h2.message.DbException.get(DbException.java:149)
	at org.h2.store.FileLock.getExceptionAlreadyInUse(FileLock.java:454)
	at org.h2.store.FileLock.lockFile(FileLock.java:350)
	at org.h2.store.FileLock.lock(FileLock.java:133)
	at org.h2.engine.Database.open(Database.java:591)
	at org.h2.engine.Database.openDatabase(Database.java:244)
	at org.h2.engine.Database.<init>(Database.java:239)
	at org.h2.engine.Engine.openSession(Engine.java:56)
	at org.h2.engine.Engine.openSession(Engine.java:160)
	at org.h2.engine.Engine.createSessionAndValidate(Engine.java:139)
	at org.h2.engine.Engine.createSession(Engine.java:122)
	at org.h2.engine.Engine.createSession(Engine.java:28)
	at org.h2.engine.SessionRemote.connectEmbeddedOrServer(SessionRemote.java:323)
	at org.h2.jdbc.JdbcConnection.<init>(JdbcConnection.java:105)
	at org.h2.jdbc.JdbcConnection.<init>(JdbcConnection.java:90)
	at org.h2.Driver.connect(Driver.java:73)
	at org.apache.tomcat.jdbc.pool.PooledConnection.connectUsingDriver(PooledConnection.java:278)
	at org.apache.tomcat.jdbc.pool.PooledConnection.connect(PooledConnection.java:182)
	at org.apache.tomcat.jdbc.pool.ConnectionPool.createConnection(ConnectionPool.java:730)
	at org.apache.tomcat.jdbc.pool.ConnectionPool.borrowConnection(ConnectionPool.java:664)
	at org.apache.tomcat.jdbc.pool.ConnectionPool.getConnection(ConnectionPool.java:200)
	at org.apache.tomcat.jdbc.pool.DataSourceProxy.getConnection(DataSourceProxy.java:127)
	at org.wso2.carbon.user.core.util.DatabaseUtil.getDBConnection(DatabaseUtil.java:868)
	at org.wso2.carbon.user.core.util.UserCoreUtil.isExistingDomain(UserCoreUtil.java:971)
	... 31 more
TID: [-1] [] [2019-11-25 03:55:06,799]  INFO {org.wso2.andes.kernel.disruptor.inbound.InboundDBSyncRequestEvent} -  Running DB sync task. {org.wso2.andes.kernel.disruptor.inbound.InboundDBSyncRequestEvent}
